16:58:32.363 [JavaFX Application Thread] DEBUG Logger               - Configured Logger
16:58:32.376 [JavaFX Application Thread] DEBUG GameApplication      - Logging settings
Title: TamaEpic
Version: 0.1
Width: 800
Height: 600
Fullscreen: false
Intro: false
Profiling: false
Single step:false
App Mode: DEVELOPER
Menu Key: ESCAPE
Stage Style: DECORATED
Scene Factory: class com.almasb.fxgl.app.scene.SceneFactory

16:58:32.380 [JavaFX Application Thread] DEBUG FXGLApplication      - Initializing FXGL
16:58:32.387 [JavaFX Application Thread] INFO  Engine               - FXGL-21 (28.12.2023 13.35) on WINDOWS (J:21.0.1 FX:12)
16:58:32.388 [JavaFX Application Thread] DEBUG Engine               - JRE Vendor Name: Oracle Corporation
16:58:32.388 [JavaFX Application Thread] DEBUG Engine               - Running on OS: Windows 10 version 10.0
16:58:32.388 [JavaFX Application Thread] DEBUG Engine               - Architecture: amd64
16:58:32.388 [JavaFX Application Thread] INFO  Engine               - Source code and latest versions at: https://github.com/AlmasB/FXGL
16:58:32.388 [JavaFX Application Thread] INFO  Engine               -       Ask questions and discuss at: https://github.com/AlmasB/FXGL/discussions
16:58:32.388 [JavaFX Application Thread] INFO  Engine               -              Join the FXGL chat at: https://gitter.im/AlmasB/FXGL
16:58:32.453 [JavaFX Application Thread] DEBUG EmbeddedPaneWindow   - Target settings size: 800.0 x 600.0
16:58:32.453 [JavaFX Application Thread] DEBUG EmbeddedPaneWindow   - Scaled scene size:    800.0 x 600.0
16:58:32.454 [JavaFX Application Thread] DEBUG EmbeddedPaneWindow   - Scaled ratio: (1.0, 1.0)
16:58:32.457 [JavaFX Application Thread] DEBUG EmbeddedPaneWindow   - Set initial scene to FXGLStartupScene
16:58:32.458 [JavaFX Application Thread] DEBUG EmbeddedPaneWindow   - Opening embedded window
16:58:32.459 [JavaFX Application Thread] DEBUG EmbeddedPaneWindow   - Window border size: (0, 0)
16:58:32.459 [JavaFX Application Thread] DEBUG EmbeddedPaneWindow   - Scaled size: 800.0 x 600.0
16:58:32.459 [JavaFX Application Thread] DEBUG EmbeddedPaneWindow   - Scaled ratio: (1.0, 1.0)
16:58:32.466 [FXGL Background Thread 1 ] DEBUG Engine               - Initializing environment variables
16:58:32.518 [FXGL Background Thread 1 ] DEBUG FXGLAssetLoaderServi - User app class for loading assets: class com.example.tamafx.GameApp
16:58:32.518 [FXGL Background Thread 1 ] DEBUG GameApplicationServi - Applying CSS: fxgl_dark.css
16:58:32.519 [FXGL Background Thread 1 ] DEBUG FXGLAssetLoaderServi - Loading from file system: jar:file:/C:/Users/skyle/.m2/repository/com/github/almasb/fxgl/21/fxgl-21.jar!/fxglassets/ui/css/fxgl_dark.css
16:58:32.555 [FXGL Background Thread 1 ] DEBUG GameApplicationServi - Initializing application scenes
16:58:32.564 [FXGL Background Thread 1 ] DEBUG GameWorld            - Game world initialized
16:58:32.643 [FXGL Background Thread 1 ] DEBUG PhysicsWorld         - Physics world initialized: appHeight=600, physics.ppm=50.0
16:58:32.643 [FXGL Background Thread 1 ] DEBUG PhysicsWorld         - Using strategy: BRUTE_FORCE
16:58:32.646 [FXGL Background Thread 1 ] DEBUG GameScene            - Game scene initialized: 800x600
16:58:32.659 [FXGL Background Thread 1 ] DEBUG FXGL.DefaultMenu     - createMenuBodyGameMenu()
16:58:32.672 [FXGL Background Thread 1 ] DEBUG FXGL.DefaultMenu     - createOptionsMenu()
16:58:32.687 [FXGL Background Thread 1 ] DEBUG FXGLAssetLoaderServi - Loading from file system: jar:file:/C:/Users/skyle/.m2/repository/com/github/almasb/fxgl/21/fxgl-21.jar!/fxglassets/textures/particles/smoke.png
16:58:32.786 [FXGL Background Thread 1 ] DEBUG FXGLAssetLoaderServi - Loading from file system: jar:file:/C:/Users/skyle/.m2/repository/com/github/almasb/fxgl/21/fxgl-21.jar!/fxglassets/textures/particles/trace_horizontal.png
16:58:32.810 [FXGL Background Thread 1 ] DEBUG GameApplicationServi - Application scenes initialized
16:58:32.824 [FXGL Background Thread 1 ] DEBUG SystemBundleService  - Loading FXGL system data
16:58:32.829 [FXGL Background Thread 1 ] DEBUG FileSystemAccess     - Reading from: C:\Users\skyle\IdeaProjects\TamaFX\system\fxgl.bundle
16:58:32.838 [FXGL Background Thread 1 ] DEBUG SystemBundleService  - Bundle FXGL: {}
16:58:32.839 [FXGL Background Thread 1 ] DEBUG UpdaterService       - Checking for updates
16:58:32.844 [FXGL Background Thread 1 ] DEBUG FXGLApplication      - Loading default localization
16:58:32.844 [FXGL Background Thread 1 ] DEBUG FXGLAssetLoaderServi - Loading from file system: jar:file:/C:/Users/skyle/.m2/repository/com/github/almasb/fxgl/21/fxgl-21.jar!/fxglassets/languages/english.lang
16:58:32.845 [FXGL Background Thread 4 ] DEBUG FXGLApplication      - Loading fonts
16:58:32.846 [FXGL Background Thread 4 ] DEBUG FXGLAssetLoaderServi - Loading from file system: jar:file:/C:/Users/skyle/.m2/repository/com/github/almasb/fxgl/21/fxgl-21.jar!/fxglassets/ui/fonts/VarelaRound-Regular.ttf
16:58:32.870 [FXGL Background Thread 1 ] INFO  FXGLApplication      - FXGL initialization took: 0.404 sec
16:58:32.881 [JavaFX Application Thread] DEBUG Input                - Registered new binding: action0 - A
16:58:32.882 [JavaFX Application Thread] DEBUG Input                - Registered new binding: action1 - D
16:58:32.882 [JavaFX Application Thread] DEBUG Input                - Registered new binding: action2 - W
16:58:32.883 [JavaFX Application Thread] DEBUG Input                - Registered new binding: action3 - S
16:58:32.883 [JavaFX Application Thread] DEBUG FXGLAssetLoaderServi - Loading from file system: jar:file:/C:/Users/skyle/.m2/repository/com/github/almasb/fxgl/21/fxgl-21.jar!/fxglassets/textures/fxgl_icon.png
16:58:32.928 [FXGL Background Thread 4 ] DEBUG FXGLAssetLoaderServi - Loading from file system: jar:file:/C:/Users/skyle/.m2/repository/com/github/almasb/fxgl/21/fxgl-21.jar!/fxglassets/ui/fonts/Abel-Regular.ttf
16:58:32.937 [JavaFX Application Thread] DEBUG FXGLAssetLoaderServi - Loading from file system: jar:file:/C:/Users/skyle/.m2/repository/com/github/almasb/fxgl/21/fxgl-21.jar!/fxglassets/textures/fxgl_default_cursor.png
16:58:32.940 [JavaFX Application Thread] DEBUG Input                - Registered new binding: Screenshot - CTRL+8
16:58:32.940 [JavaFX Application Thread] DEBUG Input                - Registered new binding: System info dump - CTRL+9
16:58:32.941 [JavaFX Application Thread] DEBUG Input                - Registered new binding: Restart - CTRL+R
16:58:32.941 [JavaFX Application Thread] DEBUG Input                - Registered new binding: Toggle Debug Camera - CTRL+7
16:58:32.945 [JavaFX Application Thread] DEBUG LoopRunner           - Starting loop
16:58:32.945 [JavaFX Application Thread] DEBUG LoopRunner           - Initializing JavaFX AnimationTimerLoop
16:58:32.948 [JavaFX Application Thread] DEBUG GameApplicationServi - Starting new game
16:58:32.950 [JavaFX Application Thread] DEBUG Input                - Clearing active input actions
16:58:32.951 [JavaFX Application Thread] DEBUG GameApplicationServi - Removing overlay from FXGLStartupScene and adding to FXGLLoadingScene
16:58:32.952 [JavaFX Application Thread] DEBUG EmbeddedPaneWindow   - FXGLStartupScene -> FXGLLoadingScene
16:58:32.952 [JavaFX Application Thread] DEBUG GameApplicationServi - Clearing previous game
16:58:32.952 [JavaFX Application Thread] DEBUG GameScene            - Clearing game scene
16:58:32.952 [JavaFX Application Thread] DEBUG GameWorld            - Clearing game world
16:58:32.952 [JavaFX Application Thread] DEBUG PhysicsWorld         - Clearing physics world
16:58:32.956 [FXGL Background Thread 1 ] DEBUG FXGLApplication      - Initializing game
16:58:32.969 [FXGL Background Thread 1 ] DEBUG FXGLAssetLoaderServi - Loading from file system: file:/C:/Users/skyle/IdeaProjects/TamaFX/target/classes/assets/textures/slime.png
16:58:32.981 [FXGL Background Thread 4 ] DEBUG FXGLAssetLoaderServi - Loading from file system: jar:file:/C:/Users/skyle/.m2/repository/com/github/almasb/fxgl/21/fxgl-21.jar!/fxglassets/ui/fonts/TerminalLandMono-Regular.otf
16:58:32.994 [FXGL Background Thread 1 ] DEBUG FXGLAssetLoaderServi - Loading from file system: file:/C:/Users/skyle/IdeaProjects/TamaFX/target/classes/assets/music/bgm.mp3
16:58:33.061 [FXGL Background Thread 4 ] DEBUG FXGLAssetLoaderServi - Loading from file system: jar:file:/C:/Users/skyle/.m2/repository/com/github/almasb/fxgl/21/fxgl-21.jar!/fxglassets/ui/fonts/Courier-Prime.ttf
16:58:33.122 [JavaFX Application Thread] DEBUG FXGLApplication      - Registering font factories with UI factory
16:58:33.376 [FXGL Background Thread 1 ] DEBUG AudioPlayer          - Playing music com.almasb.fxgl.audio.Music@5d1f07a9
16:58:33.394 [FXGL Background Thread 1 ] INFO  FXGLApplication      - Game initialization took: 0.439 sec
16:58:33.395 [JavaFX Application Thread] DEBUG Input                - Clearing active input actions
16:58:33.401 [JavaFX Application Thread] DEBUG GameApplicationServi - Removing overlay from FXGLLoadingScene and adding to GameScene
16:58:33.401 [JavaFX Application Thread] DEBUG EmbeddedPaneWindow   - FXGLLoadingScene -> GameScene
16:58:33.570 [FXGL Background Thread 2 ] INFO  UpdaterService       - Your current version:  21
16:58:33.570 [FXGL Background Thread 2 ] INFO  UpdaterService       - Latest stable version: 21.1
16:58:35.107 [JavaFX Application Thread] DEBUG FXGLApplication      - Exiting FXGL
16:58:35.107 [JavaFX Application Thread] DEBUG LoopRunner           - Stopping loop
16:58:35.108 [JavaFX Application Thread] DEBUG SystemBundleService  - Saving FXGL system data
16:58:35.110 [JavaFX Application Thread] DEBUG FileSystemAccess     - Writing to: C:\Users\skyle\IdeaProjects\TamaFX\system\fxgl.bundle
16:58:35.112 [JavaFX Application Thread] DEBUG Async                - Shutting down background threads
16:58:35.112 [JavaFX Application Thread] DEBUG Logger               - Closing Logger
