15:18:17.939 [JavaFX Application Thread] DEBUG Logger               - Configured Logger
15:18:17.950 [JavaFX Application Thread] DEBUG GameApplication      - Logging settings
Title: TamaEpic
Version: 0.1
Width: 800
Height: 600
Fullscreen: false
Intro: false
Profiling: false
Single step:false
App Mode: DEVELOPER
Menu Key: ESCAPE
Stage Style: DECORATED
Scene Factory: class com.almasb.fxgl.app.scene.SceneFactory

15:18:17.953 [JavaFX Application Thread] DEBUG FXGLApplication      - Initializing FXGL
15:18:17.957 [JavaFX Application Thread] INFO  Engine               - FXGL-21 (28.12.2023 13.35) on WINDOWS (J:21.0.1 FX:12)
15:18:17.957 [JavaFX Application Thread] DEBUG Engine               - JRE Vendor Name: Oracle Corporation
15:18:17.957 [JavaFX Application Thread] DEBUG Engine               - Running on OS: Windows 10 version 10.0
15:18:17.957 [JavaFX Application Thread] DEBUG Engine               - Architecture: amd64
15:18:17.957 [JavaFX Application Thread] INFO  Engine               - Source code and latest versions at: https://github.com/AlmasB/FXGL
15:18:17.957 [JavaFX Application Thread] INFO  Engine               -       Ask questions and discuss at: https://github.com/AlmasB/FXGL/discussions
15:18:17.957 [JavaFX Application Thread] INFO  Engine               -              Join the FXGL chat at: https://gitter.im/AlmasB/FXGL
15:18:18.019 [JavaFX Application Thread] DEBUG EmbeddedPaneWindow   - Target settings size: 800.0 x 600.0
15:18:18.019 [JavaFX Application Thread] DEBUG EmbeddedPaneWindow   - Scaled scene size:    800.0 x 600.0
15:18:18.020 [JavaFX Application Thread] DEBUG EmbeddedPaneWindow   - Scaled ratio: (1.0, 1.0)
15:18:18.023 [JavaFX Application Thread] DEBUG EmbeddedPaneWindow   - Set initial scene to FXGLStartupScene
15:18:18.024 [JavaFX Application Thread] DEBUG EmbeddedPaneWindow   - Opening embedded window
15:18:18.025 [JavaFX Application Thread] DEBUG EmbeddedPaneWindow   - Window border size: (0, 0)
15:18:18.025 [JavaFX Application Thread] DEBUG EmbeddedPaneWindow   - Scaled size: 800.0 x 600.0
15:18:18.025 [JavaFX Application Thread] DEBUG EmbeddedPaneWindow   - Scaled ratio: (1.0, 1.0)
15:18:18.033 [FXGL Background Thread 1 ] DEBUG Engine               - Initializing environment variables
15:18:18.105 [FXGL Background Thread 1 ] DEBUG FXGLAssetLoaderServi - User app class for loading assets: class com.example.tamafx.FXGLApp.GameApp
15:18:18.105 [FXGL Background Thread 1 ] DEBUG GameApplicationServi - Applying CSS: fxgl_dark.css
15:18:18.107 [FXGL Background Thread 1 ] DEBUG FXGLAssetLoaderServi - Loading from file system: jar:file:/C:/Users/skyle/.m2/repository/com/github/almasb/fxgl/21/fxgl-21.jar!/fxglassets/ui/css/fxgl_dark.css
15:18:18.143 [FXGL Background Thread 1 ] DEBUG GameApplicationServi - Initializing application scenes
15:18:18.155 [FXGL Background Thread 1 ] DEBUG GameWorld            - Game world initialized
15:18:18.238 [FXGL Background Thread 1 ] DEBUG PhysicsWorld         - Physics world initialized: appHeight=600, physics.ppm=50.0
15:18:18.239 [FXGL Background Thread 1 ] DEBUG PhysicsWorld         - Using strategy: BRUTE_FORCE
15:18:18.242 [FXGL Background Thread 1 ] DEBUG GameScene            - Game scene initialized: 800x600
15:18:18.257 [FXGL Background Thread 1 ] DEBUG FXGL.DefaultMenu     - createMenuBodyGameMenu()
15:18:18.272 [FXGL Background Thread 1 ] DEBUG FXGL.DefaultMenu     - createOptionsMenu()
15:18:18.288 [FXGL Background Thread 1 ] DEBUG FXGLAssetLoaderServi - Loading from file system: jar:file:/C:/Users/skyle/.m2/repository/com/github/almasb/fxgl/21/fxgl-21.jar!/fxglassets/textures/particles/smoke.png
15:18:18.377 [FXGL Background Thread 1 ] DEBUG FXGLAssetLoaderServi - Loading from file system: jar:file:/C:/Users/skyle/.m2/repository/com/github/almasb/fxgl/21/fxgl-21.jar!/fxglassets/textures/particles/trace_horizontal.png
15:18:18.399 [FXGL Background Thread 1 ] DEBUG GameApplicationServi - Application scenes initialized
15:18:18.413 [FXGL Background Thread 1 ] DEBUG SystemBundleService  - Loading FXGL system data
15:18:18.420 [FXGL Background Thread 1 ] DEBUG FileSystemAccess     - Reading from: C:\Users\skyle\IdeaProjects\TamaFX\system\fxgl.bundle
15:18:18.433 [FXGL Background Thread 1 ] DEBUG SystemBundleService  - Bundle FXGL: {}
15:18:18.433 [FXGL Background Thread 1 ] DEBUG UpdaterService       - Checking for updates
15:18:18.437 [FXGL Background Thread 4 ] DEBUG FXGLApplication      - Loading fonts
15:18:18.438 [FXGL Background Thread 1 ] DEBUG FXGLApplication      - Loading default localization
15:18:18.439 [FXGL Background Thread 1 ] DEBUG FXGLAssetLoaderServi - Loading from file system: jar:file:/C:/Users/skyle/.m2/repository/com/github/almasb/fxgl/21/fxgl-21.jar!/fxglassets/languages/english.lang
15:18:18.439 [FXGL Background Thread 4 ] DEBUG FXGLAssetLoaderServi - Loading from file system: jar:file:/C:/Users/skyle/.m2/repository/com/github/almasb/fxgl/21/fxgl-21.jar!/fxglassets/ui/fonts/VarelaRound-Regular.ttf
15:18:18.466 [FXGL Background Thread 1 ] INFO  FXGLApplication      - FXGL initialization took: 0.432 sec
15:18:18.478 [FXGL Background Thread 4 ] DEBUG FXGLAssetLoaderServi - Loading from file system: jar:file:/C:/Users/skyle/.m2/repository/com/github/almasb/fxgl/21/fxgl-21.jar!/fxglassets/ui/fonts/Abel-Regular.ttf
15:18:18.479 [JavaFX Application Thread] DEBUG Input                - Registered new binding: action0 - A
15:18:18.479 [JavaFX Application Thread] DEBUG Input                - Registered new binding: action1 - D
15:18:18.480 [JavaFX Application Thread] DEBUG Input                - Registered new binding: action2 - W
15:18:18.480 [JavaFX Application Thread] DEBUG Input                - Registered new binding: action3 - S
15:18:18.481 [JavaFX Application Thread] DEBUG FXGLAssetLoaderServi - Loading from file system: jar:file:/C:/Users/skyle/.m2/repository/com/github/almasb/fxgl/21/fxgl-21.jar!/fxglassets/textures/fxgl_icon.png
15:18:18.502 [JavaFX Application Thread] DEBUG FXGLAssetLoaderServi - Loading from file system: jar:file:/C:/Users/skyle/.m2/repository/com/github/almasb/fxgl/21/fxgl-21.jar!/fxglassets/textures/fxgl_default_cursor.png
15:18:18.505 [JavaFX Application Thread] DEBUG Input                - Registered new binding: Screenshot - CTRL+8
15:18:18.506 [JavaFX Application Thread] DEBUG Input                - Registered new binding: System info dump - CTRL+9
15:18:18.506 [JavaFX Application Thread] DEBUG Input                - Registered new binding: Restart - CTRL+R
15:18:18.507 [JavaFX Application Thread] DEBUG Input                - Registered new binding: Toggle Debug Camera - CTRL+7
15:18:18.510 [JavaFX Application Thread] DEBUG LoopRunner           - Starting loop
15:18:18.511 [JavaFX Application Thread] DEBUG LoopRunner           - Initializing JavaFX AnimationTimerLoop
15:18:18.512 [JavaFX Application Thread] DEBUG GameApplicationServi - Starting new game
15:18:18.513 [JavaFX Application Thread] DEBUG Input                - Clearing active input actions
15:18:18.515 [JavaFX Application Thread] DEBUG GameApplicationServi - Removing overlay from FXGLStartupScene and adding to FXGLLoadingScene
15:18:18.516 [JavaFX Application Thread] DEBUG EmbeddedPaneWindow   - FXGLStartupScene -> FXGLLoadingScene
15:18:18.516 [JavaFX Application Thread] DEBUG GameApplicationServi - Clearing previous game
15:18:18.516 [JavaFX Application Thread] DEBUG GameScene            - Clearing game scene
15:18:18.516 [JavaFX Application Thread] DEBUG GameWorld            - Clearing game world
15:18:18.517 [JavaFX Application Thread] DEBUG PhysicsWorld         - Clearing physics world
15:18:18.517 [FXGL Background Thread 1 ] DEBUG FXGLApplication      - Initializing game
15:18:18.526 [FXGL Background Thread 1 ] DEBUG FXGLAssetLoaderServi - Loading from file system: file:/C:/Users/skyle/IdeaProjects/TamaFX/target/classes/assets/textures/slime.png
15:18:18.542 [FXGL Background Thread 4 ] DEBUG FXGLAssetLoaderServi - Loading from file system: jar:file:/C:/Users/skyle/.m2/repository/com/github/almasb/fxgl/21/fxgl-21.jar!/fxglassets/ui/fonts/TerminalLandMono-Regular.otf
15:18:18.579 [FXGL Background Thread 1 ] DEBUG FXGLAssetLoaderServi - Loading from file system: file:/C:/Users/skyle/IdeaProjects/TamaFX/target/classes/assets/music/bgm.mp3
15:18:18.604 [FXGL Background Thread 4 ] DEBUG FXGLAssetLoaderServi - Loading from file system: jar:file:/C:/Users/skyle/.m2/repository/com/github/almasb/fxgl/21/fxgl-21.jar!/fxglassets/ui/fonts/Courier-Prime.ttf
15:18:18.732 [JavaFX Application Thread] DEBUG FXGLApplication      - Registering font factories with UI factory
15:18:18.957 [FXGL Background Thread 1 ] DEBUG AudioPlayer          - Playing music com.almasb.fxgl.audio.Music@5b82ca31
15:18:18.959 [FXGL Background Thread 1 ] DEBUG AudioPlayer          - Playing music com.almasb.fxgl.audio.Music@5b82ca31
15:18:18.965 [FXGL Background Thread 1 ] INFO  FXGLApplication      - Game initialization took: 0.447 sec
15:18:18.968 [JavaFX Application Thread] DEBUG Input                - Clearing active input actions
15:18:18.971 [JavaFX Application Thread] DEBUG GameApplicationServi - Removing overlay from FXGLLoadingScene and adding to GameScene
15:18:18.971 [JavaFX Application Thread] DEBUG EmbeddedPaneWindow   - FXGLLoadingScene -> GameScene
15:18:19.430 [FXGL Background Thread 2 ] INFO  UpdaterService       - Your current version:  21
15:18:19.431 [FXGL Background Thread 2 ] INFO  UpdaterService       - Latest stable version: 21.1
15:18:21.437 [FXGL Background Thread 3 ] DEBUG Engine               - Logging environment variables
15:18:21.438 [FXGL Background Thread 3 ] DEBUG Engine               - achievements: []
15:18:21.438 [FXGL Background Thread 3 ] DEBUG Engine               - actualHeight: 600.0
15:18:21.438 [FXGL Background Thread 3 ] DEBUG Engine               - actualHeightProperty: ReadOnlyDoubleProperty [value: 600.0]
15:18:21.438 [FXGL Background Thread 3 ] DEBUG Engine               - actualWidth: 800.0
15:18:21.438 [FXGL Background Thread 3 ] DEBUG Engine               - actualWidthProperty: ReadOnlyDoubleProperty [value: 800.0]
15:18:21.438 [FXGL Background Thread 3 ] DEBUG Engine               - appIcon: fxgl_icon.png
15:18:21.438 [FXGL Background Thread 3 ] DEBUG Engine               - applicationMode: DEVELOPER
15:18:21.438 [FXGL Background Thread 3 ] DEBUG Engine               - cSSList: [fxgl_dark.css]
15:18:21.438 [FXGL Background Thread 3 ] DEBUG Engine               - collisionDetectionStrategy: BRUTE_FORCE
15:18:21.438 [FXGL Background Thread 3 ] DEBUG Engine               - configClass: Optional.empty
15:18:21.438 [FXGL Background Thread 3 ] DEBUG Engine               - credits: []
15:18:21.439 [FXGL Background Thread 3 ] DEBUG Engine               - defaultCursor: CursorInfo(imageName=fxgl_default_cursor.png, hotspotX=7.0, hotspotY=6.0)
15:18:21.439 [FXGL Background Thread 3 ] DEBUG Engine               - devBBoxColorProperty: ObjectProperty [value: 0xff0000ff]
15:18:21.439 [FXGL Background Thread 3 ] DEBUG Engine               - devEnableDebugCameraProperty: BooleanProperty [value: false]
15:18:21.439 [FXGL Background Thread 3 ] DEBUG Engine               - devSensorColorProperty: ObjectProperty [value: 0xffff00ff]
15:18:21.439 [FXGL Background Thread 3 ] DEBUG Engine               - devShowBBoxProperty: BooleanProperty [value: false]
15:18:21.439 [FXGL Background Thread 3 ] DEBUG Engine               - devShowPositionProperty: BooleanProperty [value: false]
15:18:21.439 [FXGL Background Thread 3 ] DEBUG Engine               - enabledMenuItems: []
15:18:21.439 [FXGL Background Thread 3 ] DEBUG Engine               - engineServices: [class com.almasb.fxgl.app.services.FXGLAssetLoaderService, class com.almasb.fxgl.app.FXGLApplication$GameApplicationService, class com.almasb.fxgl.app.services.FXGLDialogService, class com.almasb.fxgl.app.services.IOTaskExecutorService, class com.almasb.fxgl.io.FileSystemService, class com.almasb.fxgl.localization.LocalizationService, class com.almasb.fxgl.app.services.SystemBundleService, class com.almasb.fxgl.profile.SaveLoadService, class com.almasb.fxgl.ui.FXGLUIFactoryServiceProvider, class com.almasb.fxgl.ui.FXGLDialogFactoryServiceProvider, class com.almasb.fxgl.audio.AudioPlayer, class com.almasb.fxgl.notification.impl.NotificationServiceProvider, class com.almasb.fxgl.achievement.AchievementService, class com.almasb.fxgl.cutscene.CutsceneService, class com.almasb.fxgl.minigames.MiniGameService, class com.almasb.fxgl.net.NetService, class com.almasb.fxgl.app.services.UpdaterService, class com.almasb.fxgl.dev.DevService]
15:18:21.439 [FXGL Background Thread 3 ] DEBUG Engine               - fontGame: Abel-Regular.ttf
15:18:21.439 [FXGL Background Thread 3 ] DEBUG Engine               - fontMono: TerminalLandMono-Regular.otf
15:18:21.439 [FXGL Background Thread 3 ] DEBUG Engine               - fontSizeScaleUI: 1.0
15:18:21.439 [FXGL Background Thread 3 ] DEBUG Engine               - fontText: Courier-Prime.ttf
15:18:21.439 [FXGL Background Thread 3 ] DEBUG Engine               - fontUI: VarelaRound-Regular.ttf
15:18:21.439 [FXGL Background Thread 3 ] DEBUG Engine               - fullScreen: BooleanProperty [value: true]
15:18:21.439 [FXGL Background Thread 3 ] DEBUG Engine               - gameDifficulty: MEDIUM
15:18:21.440 [FXGL Background Thread 3 ] DEBUG Engine               - gameDifficultyProperty: ObjectProperty [value: MEDIUM]
15:18:21.440 [FXGL Background Thread 3 ] DEBUG Engine               - globalMusicVolume: 0.5
15:18:21.440 [FXGL Background Thread 3 ] DEBUG Engine               - globalMusicVolumeProperty: DoubleProperty [value: 0.5]
15:18:21.440 [FXGL Background Thread 3 ] DEBUG Engine               - globalSoundVolume: 0.5
15:18:21.440 [FXGL Background Thread 3 ] DEBUG Engine               - globalSoundVolumeProperty: DoubleProperty [value: 0.5]
15:18:21.440 [FXGL Background Thread 3 ] DEBUG Engine               - height: 600
15:18:21.440 [FXGL Background Thread 3 ] DEBUG Engine               - is3D: false
15:18:21.440 [FXGL Background Thread 3 ] DEBUG Engine               - isAndroid: false
15:18:21.440 [FXGL Background Thread 3 ] DEBUG Engine               - isBrowser: false
15:18:21.440 [FXGL Background Thread 3 ] DEBUG Engine               - isClickFeedbackEnabled: false
15:18:21.440 [FXGL Background Thread 3 ] DEBUG Engine               - isCloseConfirmation: false
15:18:21.440 [FXGL Background Thread 3 ] DEBUG Engine               - isDesktop: true
15:18:21.440 [FXGL Background Thread 3 ] DEBUG Engine               - isDeveloperMenuEnabled: false
15:18:21.440 [FXGL Background Thread 3 ] DEBUG Engine               - isEmbedded: false
15:18:21.440 [FXGL Background Thread 3 ] DEBUG Engine               - isEntityPreloadEnabled: true
15:18:21.440 [FXGL Background Thread 3 ] DEBUG Engine               - isExperimentalTiledLargeMap: false
15:18:21.440 [FXGL Background Thread 3 ] DEBUG Engine               - isFileSystemWriteAllowed: true
15:18:21.441 [FXGL Background Thread 3 ] DEBUG Engine               - isFullScreenAllowed: false
15:18:21.441 [FXGL Background Thread 3 ] DEBUG Engine               - isFullScreenFromStart: true
15:18:21.441 [FXGL Background Thread 3 ] DEBUG Engine               - isGameMenuEnabled: true
15:18:21.441 [FXGL Background Thread 3 ] DEBUG Engine               - isIOS: false
15:18:21.441 [FXGL Background Thread 3 ] DEBUG Engine               - isIntroEnabled: false
15:18:21.441 [FXGL Background Thread 3 ] DEBUG Engine               - isLinux: false
15:18:21.441 [FXGL Background Thread 3 ] DEBUG Engine               - isMac: false
15:18:21.441 [FXGL Background Thread 3 ] DEBUG Engine               - isMainMenuEnabled: false
15:18:21.441 [FXGL Background Thread 3 ] DEBUG Engine               - isManualResizeEnabled: false
15:18:21.441 [FXGL Background Thread 3 ] DEBUG Engine               - isMobile: false
15:18:21.441 [FXGL Background Thread 3 ] DEBUG Engine               - isNative: false
15:18:21.441 [FXGL Background Thread 3 ] DEBUG Engine               - isPauseMusicWhenMinimized: true
15:18:21.441 [FXGL Background Thread 3 ] DEBUG Engine               - isPreserveResizeRatio: false
15:18:21.441 [FXGL Background Thread 3 ] DEBUG Engine               - isProfilingEnabled: false
15:18:21.441 [FXGL Background Thread 3 ] DEBUG Engine               - isScaleAffectedOnResize: true
15:18:21.441 [FXGL Background Thread 3 ] DEBUG Engine               - isSingleStep: false
15:18:21.441 [FXGL Background Thread 3 ] DEBUG Engine               - isUserProfileEnabled: false
15:18:21.441 [FXGL Background Thread 3 ] DEBUG Engine               - isWindows: true
15:18:21.442 [FXGL Background Thread 3 ] DEBUG Engine               - language: ObjectProperty [value: ENGLISH]
15:18:21.442 [FXGL Background Thread 3 ] DEBUG Engine               - menuKey: ESCAPE
15:18:21.442 [FXGL Background Thread 3 ] DEBUG Engine               - mouseSensitivity: 0.2
15:18:21.442 [FXGL Background Thread 3 ] DEBUG Engine               - notificationViewClass: class com.almasb.fxgl.notification.view.XboxNotificationView
15:18:21.442 [FXGL Background Thread 3 ] DEBUG Engine               - pixelsPerMeter: 50.0
15:18:21.442 [FXGL Background Thread 3 ] DEBUG Engine               - platform: WINDOWS
15:18:21.442 [FXGL Background Thread 3 ] DEBUG Engine               - prefHeightProperty: ReadOnlyDoubleProperty [value: 600.0]
15:18:21.442 [FXGL Background Thread 3 ] DEBUG Engine               - prefWidthProperty: ReadOnlyDoubleProperty [value: 800.0]
15:18:21.442 [FXGL Background Thread 3 ] DEBUG Engine               - profileDir: profiles/
15:18:21.442 [FXGL Background Thread 3 ] DEBUG Engine               - profileName: StringProperty [value: DEFAULT]
15:18:21.442 [FXGL Background Thread 3 ] DEBUG Engine               - randomSeed: -1
15:18:21.442 [FXGL Background Thread 3 ] DEBUG Engine               - runtimeInfo: RuntimeInfo(platform=WINDOWS, version=21, build=28.12.2023 13.35)
15:18:21.442 [FXGL Background Thread 3 ] DEBUG Engine               - saveFileExt: sav
15:18:21.442 [FXGL Background Thread 3 ] DEBUG Engine               - scaledHeightProp$fxgl: DoubleProperty [bound, value: 600.0]
15:18:21.442 [FXGL Background Thread 3 ] DEBUG Engine               - scaledWidthProp$fxgl: DoubleProperty [bound, value: 800.0]
15:18:21.443 [FXGL Background Thread 3 ] DEBUG Engine               - sceneFactory: com.almasb.fxgl.app.scene.SceneFactory@564324aa
15:18:21.443 [FXGL Background Thread 3 ] DEBUG Engine               - secondsIn24h: 60
15:18:21.443 [FXGL Background Thread 3 ] DEBUG Engine               - soundMenuBack: menu/back.wav
15:18:21.443 [FXGL Background Thread 3 ] DEBUG Engine               - soundMenuPress: menu/press.wav
15:18:21.443 [FXGL Background Thread 3 ] DEBUG Engine               - soundMenuSelect: menu/select.wav
15:18:21.443 [FXGL Background Thread 3 ] DEBUG Engine               - soundNotification: core/notification.wav
15:18:21.443 [FXGL Background Thread 3 ] DEBUG Engine               - stageStyle: DECORATED
15:18:21.443 [FXGL Background Thread 3 ] DEBUG Engine               - supportedLanguages: [ENGLISH, FRENCH, GERMAN, HUNGARIAN, RUSSIAN]
15:18:21.443 [FXGL Background Thread 3 ] DEBUG Engine               - ticksPerSecond: -1
15:18:21.443 [FXGL Background Thread 3 ] DEBUG Engine               - title: TamaEpic
15:18:21.443 [FXGL Background Thread 3 ] DEBUG Engine               - urlGithub: https://github.com/AlmasB/FXGL
15:18:21.443 [FXGL Background Thread 3 ] DEBUG Engine               - urlLeaderboard: http://fxgl-top.herokuapp.com/
15:18:21.443 [FXGL Background Thread 3 ] DEBUG Engine               - urlPOM: https://raw.githubusercontent.com/AlmasB/FXGL/release/README.md
15:18:21.443 [FXGL Background Thread 3 ] DEBUG Engine               - userAppClass: class com.example.tamafx.FXGLApp.GameApp
15:18:21.443 [FXGL Background Thread 3 ] DEBUG Engine               - version: 0.1
15:18:21.443 [FXGL Background Thread 3 ] DEBUG Engine               - versionCheckDays: 7
15:18:21.443 [FXGL Background Thread 3 ] DEBUG Engine               - width: 800
15:18:21.443 [FXGL Background Thread 3 ] DEBUG Engine               - Logging services
15:18:21.443 [FXGL Background Thread 3 ] DEBUG Engine               - class com.almasb.fxgl.app.services.FXGLAssetLoaderService
15:18:21.443 [FXGL Background Thread 3 ] DEBUG Engine               - class com.almasb.fxgl.app.FXGLApplication$GameApplicationService
15:18:21.443 [FXGL Background Thread 3 ] DEBUG Engine               - class com.almasb.fxgl.app.services.FXGLDialogService
15:18:21.444 [FXGL Background Thread 3 ] DEBUG Engine               - class com.almasb.fxgl.app.services.IOTaskExecutorService
15:18:21.444 [FXGL Background Thread 3 ] DEBUG Engine               - class com.almasb.fxgl.io.FileSystemService
15:18:21.444 [FXGL Background Thread 3 ] DEBUG Engine               - class com.almasb.fxgl.localization.LocalizationService
15:18:21.444 [FXGL Background Thread 3 ] DEBUG Engine               - class com.almasb.fxgl.app.services.SystemBundleService
15:18:21.444 [FXGL Background Thread 3 ] DEBUG Engine               - class com.almasb.fxgl.profile.SaveLoadService
15:18:21.444 [FXGL Background Thread 3 ] DEBUG Engine               - class com.almasb.fxgl.ui.FXGLUIFactoryServiceProvider
15:18:21.444 [FXGL Background Thread 3 ] DEBUG Engine               - class com.almasb.fxgl.ui.FXGLDialogFactoryServiceProvider
15:18:21.444 [FXGL Background Thread 3 ] DEBUG Engine               - class com.almasb.fxgl.audio.AudioPlayer
15:18:21.444 [FXGL Background Thread 3 ] DEBUG Engine               - class com.almasb.fxgl.notification.impl.NotificationServiceProvider
15:18:21.444 [FXGL Background Thread 3 ] DEBUG Engine               - class com.almasb.fxgl.achievement.AchievementService
15:18:21.444 [FXGL Background Thread 3 ] DEBUG Engine               - class com.almasb.fxgl.cutscene.CutsceneService
15:18:21.444 [FXGL Background Thread 3 ] DEBUG Engine               - class com.almasb.fxgl.minigames.MiniGameService
15:18:21.444 [FXGL Background Thread 3 ] DEBUG Engine               - class com.almasb.fxgl.net.NetService
15:18:21.444 [FXGL Background Thread 3 ] DEBUG Engine               - class com.almasb.fxgl.app.services.UpdaterService
15:18:21.444 [FXGL Background Thread 3 ] DEBUG Engine               - class com.almasb.fxgl.dev.DevService
15:18:22.989 [JavaFX Application Thread] DEBUG FXGLApplication      - Exiting FXGL
15:18:22.989 [JavaFX Application Thread] DEBUG LoopRunner           - Stopping loop
15:18:22.989 [JavaFX Application Thread] DEBUG SystemBundleService  - Saving FXGL system data
15:18:22.993 [JavaFX Application Thread] DEBUG FileSystemAccess     - Writing to: C:\Users\skyle\IdeaProjects\TamaFX\system\fxgl.bundle
15:18:22.995 [JavaFX Application Thread] DEBUG Async                - Shutting down background threads
15:18:22.995 [JavaFX Application Thread] DEBUG Logger               - Closing Logger
