13:58:41.378 [main                     ] DEBUG Logger               - Configured Logger
13:58:41.402 [main                     ] DEBUG GameApplication      - Logging settings
Title: TamaEpic
Version: 0.1
Width: 800
Height: 600
Fullscreen: false
Intro: false
Profiling: false
Single step:false
App Mode: DEVELOPER
Menu Key: ESCAPE
Stage Style: DECORATED
Scene Factory: class com.almasb.fxgl.app.scene.SceneFactory

13:58:41.712 [JavaFX Application Thread] DEBUG FXGLApplication      - Initializing FXGL
13:58:41.717 [JavaFX Application Thread] INFO  Engine               - FXGL-21 (28.12.2023 13.35) on WINDOWS (J:21.0.1 FX:12)
13:58:41.717 [JavaFX Application Thread] DEBUG Engine               - JRE Vendor Name: Oracle Corporation
13:58:41.717 [JavaFX Application Thread] DEBUG Engine               - Running on OS: Windows 10 version 10.0
13:58:41.718 [JavaFX Application Thread] DEBUG Engine               - Architecture: amd64
13:58:41.718 [JavaFX Application Thread] INFO  Engine               - Source code and latest versions at: https://github.com/AlmasB/FXGL
13:58:41.718 [JavaFX Application Thread] INFO  Engine               -       Ask questions and discuss at: https://github.com/AlmasB/FXGL/discussions
13:58:41.718 [JavaFX Application Thread] INFO  Engine               -              Join the FXGL chat at: https://gitter.im/AlmasB/FXGL
13:58:41.853 [JavaFX Application Thread] DEBUG PrimaryStageWindow   - Creating a JavaFX scene
13:58:41.915 [JavaFX Application Thread] DEBUG PrimaryStageWindow   - Target settings size: 800.0 x 600.0
13:58:41.916 [JavaFX Application Thread] DEBUG PrimaryStageWindow   - Scaled scene size:    800.0 x 600.0
13:58:41.916 [JavaFX Application Thread] DEBUG PrimaryStageWindow   - Scaled ratio: (1.0, 1.0)
13:58:41.917 [JavaFX Application Thread] DEBUG PrimaryStageWindow   - Set initial scene to FXGLStartupScene
13:58:41.928 [JavaFX Application Thread] DEBUG PrimaryStageWindow   - Opening main window
13:58:42.022 [JavaFX Application Thread] DEBUG PrimaryStageWindow   - Window border size: (14.4000244140625, 37.5999755859375)
13:58:42.022 [JavaFX Application Thread] DEBUG PrimaryStageWindow   - Scaled size: 800.0 x 600.0
13:58:42.023 [JavaFX Application Thread] DEBUG PrimaryStageWindow   - Scaled ratio: (1.0, 1.0)
13:58:42.024 [JavaFX Application Thread] DEBUG PrimaryStageWindow   - Scene size: 800.0 x 600.0
13:58:42.024 [JavaFX Application Thread] DEBUG PrimaryStageWindow   - Stage size: 814.4000244140625 x 637.5999755859375
13:58:42.032 [FXGL Background Thread 1 ] DEBUG Engine               - Initializing environment variables
13:58:42.103 [FXGL Background Thread 1 ] DEBUG FXGLAssetLoaderServi - User app class for loading assets: class com.example.tamafx.FXGLApp.GameApp
13:58:42.104 [FXGL Background Thread 1 ] DEBUG GameApplicationServi - Applying CSS: fxgl_dark.css
13:58:42.105 [FXGL Background Thread 1 ] DEBUG FXGLAssetLoaderServi - Loading from file system: jar:file:/C:/Users/skyle/.m2/repository/com/github/almasb/fxgl/21/fxgl-21.jar!/fxglassets/ui/css/fxgl_dark.css
13:58:42.164 [FXGL Background Thread 1 ] DEBUG GameApplicationServi - Initializing application scenes
13:58:42.243 [FXGL Background Thread 1 ] DEBUG GameWorld            - Game world initialized
13:58:42.318 [FXGL Background Thread 1 ] DEBUG PhysicsWorld         - Physics world initialized: appHeight=600, physics.ppm=50.0
13:58:42.318 [FXGL Background Thread 1 ] DEBUG PhysicsWorld         - Using strategy: BRUTE_FORCE
13:58:42.324 [FXGL Background Thread 1 ] DEBUG GameScene            - Game scene initialized: 800x600
13:58:42.340 [FXGL Background Thread 1 ] DEBUG FXGL.DefaultMenu     - createMenuBodyGameMenu()
13:58:42.360 [FXGL Background Thread 1 ] DEBUG FXGL.DefaultMenu     - createOptionsMenu()
13:58:42.373 [FXGL Background Thread 1 ] DEBUG FXGLAssetLoaderServi - Loading from file system: jar:file:/C:/Users/skyle/.m2/repository/com/github/almasb/fxgl/21/fxgl-21.jar!/fxglassets/textures/particles/smoke.png
13:58:42.470 [FXGL Background Thread 1 ] DEBUG FXGLAssetLoaderServi - Loading from file system: jar:file:/C:/Users/skyle/.m2/repository/com/github/almasb/fxgl/21/fxgl-21.jar!/fxglassets/textures/particles/trace_horizontal.png
13:58:42.497 [FXGL Background Thread 1 ] DEBUG GameApplicationServi - Application scenes initialized
13:58:42.515 [FXGL Background Thread 1 ] DEBUG SystemBundleService  - Loading FXGL system data
13:58:42.520 [FXGL Background Thread 1 ] DEBUG FileSystemAccess     - Reading from: C:\Users\skyle\IdeaProjects\TamaFX\system\fxgl.bundle
13:58:42.531 [FXGL Background Thread 1 ] DEBUG SystemBundleService  - Bundle FXGL: {}
13:58:42.531 [FXGL Background Thread 1 ] DEBUG UpdaterService       - Checking for updates
13:58:42.539 [FXGL Background Thread 1 ] DEBUG FXGLApplication      - Loading default localization
13:58:42.540 [FXGL Background Thread 1 ] DEBUG FXGLAssetLoaderServi - Loading from file system: jar:file:/C:/Users/skyle/.m2/repository/com/github/almasb/fxgl/21/fxgl-21.jar!/fxglassets/languages/english.lang
13:58:42.536 [FXGL Background Thread 4 ] DEBUG FXGLApplication      - Loading fonts
13:58:42.570 [FXGL Background Thread 1 ] INFO  FXGLApplication      - FXGL initialization took: 0.537 sec
13:58:42.574 [FXGL Background Thread 4 ] DEBUG FXGLAssetLoaderServi - Loading from file system: jar:file:/C:/Users/skyle/.m2/repository/com/github/almasb/fxgl/21/fxgl-21.jar!/fxglassets/ui/fonts/VarelaRound-Regular.ttf
13:58:42.585 [JavaFX Application Thread] DEBUG Input                - Registered new binding: action0 - A
13:58:42.587 [JavaFX Application Thread] DEBUG Input                - Registered new binding: action1 - D
13:58:42.589 [JavaFX Application Thread] DEBUG Input                - Registered new binding: action2 - W
13:58:42.589 [JavaFX Application Thread] DEBUG Input                - Registered new binding: action3 - S
13:58:42.590 [JavaFX Application Thread] DEBUG FXGLAssetLoaderServi - Loading from file system: jar:file:/C:/Users/skyle/.m2/repository/com/github/almasb/fxgl/21/fxgl-21.jar!/fxglassets/textures/fxgl_icon.png
13:58:42.621 [JavaFX Application Thread] DEBUG FXGLAssetLoaderServi - Loading from file system: jar:file:/C:/Users/skyle/.m2/repository/com/github/almasb/fxgl/21/fxgl-21.jar!/fxglassets/textures/fxgl_default_cursor.png
13:58:42.624 [JavaFX Application Thread] DEBUG Input                - Registered new binding: Screenshot - CTRL+8
13:58:42.625 [JavaFX Application Thread] DEBUG Input                - Registered new binding: System info dump - CTRL+9
13:58:42.625 [JavaFX Application Thread] DEBUG Input                - Registered new binding: Restart - CTRL+R
13:58:42.626 [JavaFX Application Thread] DEBUG Input                - Registered new binding: Toggle Debug Camera - CTRL+7
13:58:42.632 [JavaFX Application Thread] DEBUG LoopRunner           - Starting loop
13:58:42.632 [JavaFX Application Thread] DEBUG LoopRunner           - Initializing JavaFX AnimationTimerLoop
13:58:42.635 [JavaFX Application Thread] DEBUG GameApplicationServi - Starting new game
13:58:42.635 [JavaFX Application Thread] DEBUG Input                - Clearing active input actions
13:58:42.652 [JavaFX Application Thread] DEBUG GameApplicationServi - Removing overlay from FXGLStartupScene and adding to FXGLLoadingScene
13:58:42.652 [JavaFX Application Thread] DEBUG PrimaryStageWindow   - FXGLStartupScene -> FXGLLoadingScene
13:58:42.652 [JavaFX Application Thread] DEBUG GameApplicationServi - Clearing previous game
13:58:42.652 [JavaFX Application Thread] DEBUG GameScene            - Clearing game scene
13:58:42.652 [JavaFX Application Thread] DEBUG GameWorld            - Clearing game world
13:58:42.652 [JavaFX Application Thread] DEBUG PhysicsWorld         - Clearing physics world
13:58:42.654 [FXGL Background Thread 1 ] DEBUG FXGLApplication      - Initializing game
13:58:42.664 [FXGL Background Thread 1 ] DEBUG FXGLAssetLoaderServi - Loading from file system: file:/C:/Users/skyle/IdeaProjects/TamaFX/target/classes/assets/textures/slime.png
13:58:42.683 [FXGL Background Thread 4 ] DEBUG FXGLAssetLoaderServi - Loading from file system: jar:file:/C:/Users/skyle/.m2/repository/com/github/almasb/fxgl/21/fxgl-21.jar!/fxglassets/ui/fonts/Abel-Regular.ttf
13:58:42.705 [FXGL Background Thread 1 ] DEBUG FXGLAssetLoaderServi - Loading from file system: file:/C:/Users/skyle/IdeaProjects/TamaFX/target/classes/assets/music/bgm.mp3
13:58:42.810 [FXGL Background Thread 4 ] DEBUG FXGLAssetLoaderServi - Loading from file system: jar:file:/C:/Users/skyle/.m2/repository/com/github/almasb/fxgl/21/fxgl-21.jar!/fxglassets/ui/fonts/TerminalLandMono-Regular.otf
13:58:42.853 [FXGL Background Thread 4 ] DEBUG FXGLAssetLoaderServi - Loading from file system: jar:file:/C:/Users/skyle/.m2/repository/com/github/almasb/fxgl/21/fxgl-21.jar!/fxglassets/ui/fonts/Courier-Prime.ttf
13:58:42.883 [JavaFX Application Thread] DEBUG FXGLApplication      - Registering font factories with UI factory
13:58:42.981 [FXGL Background Thread 1 ] DEBUG AudioPlayer          - Playing music com.almasb.fxgl.audio.Music@6a0f41a0
13:58:42.984 [FXGL Background Thread 1 ] INFO  FXGLApplication      - Game initialization took: 0.330 sec
13:58:42.993 [JavaFX Application Thread] DEBUG Input                - Clearing active input actions
13:58:43.001 [JavaFX Application Thread] DEBUG GameApplicationServi - Removing overlay from FXGLLoadingScene and adding to GameScene
13:58:43.001 [JavaFX Application Thread] DEBUG PrimaryStageWindow   - FXGLLoadingScene -> GameScene
13:58:43.157 [FXGL Background Thread 2 ] INFO  UpdaterService       - Your current version:  21
13:58:43.157 [FXGL Background Thread 2 ] INFO  UpdaterService       - Latest stable version: 21.1
13:58:44.610 [JavaFX Application Thread] DEBUG FXGLApplication      - Exiting FXGL
13:58:44.610 [JavaFX Application Thread] DEBUG LoopRunner           - Stopping loop
13:58:44.610 [JavaFX Application Thread] DEBUG SystemBundleService  - Saving FXGL system data
13:58:44.612 [JavaFX Application Thread] DEBUG FileSystemAccess     - Writing to: C:\Users\skyle\IdeaProjects\TamaFX\system\fxgl.bundle
13:58:44.615 [JavaFX Application Thread] DEBUG Async                - Shutting down background threads
13:58:44.615 [JavaFX Application Thread] DEBUG PrimaryStageWindow   - Closing main window
13:58:44.630 [JavaFX Application Thread] DEBUG Logger               - Closing Logger
