13:11:44.734 [JavaFX Application Thread] DEBUG Logger               - Configured Logger
13:11:44.747 [JavaFX Application Thread] DEBUG GameApplication      - Logging settings
Title: TamaEpic
Version: 0.1
Width: 800
Height: 600
Fullscreen: false
Intro: false
Profiling: false
Single step:false
App Mode: DEVELOPER
Menu Key: ESCAPE
Stage Style: DECORATED
Scene Factory: class com.almasb.fxgl.app.scene.SceneFactory

13:11:44.751 [JavaFX Application Thread] DEBUG FXGLApplication      - Initializing FXGL
13:11:44.755 [JavaFX Application Thread] INFO  Engine               - FXGL-21 (28.12.2023 13.35) on WINDOWS (J:21.0.1 FX:12)
13:11:44.756 [JavaFX Application Thread] DEBUG Engine               - JRE Vendor Name: Oracle Corporation
13:11:44.756 [JavaFX Application Thread] DEBUG Engine               - Running on OS: Windows 10 version 10.0
13:11:44.756 [JavaFX Application Thread] DEBUG Engine               - Architecture: amd64
13:11:44.756 [JavaFX Application Thread] INFO  Engine               - Source code and latest versions at: https://github.com/AlmasB/FXGL
13:11:44.756 [JavaFX Application Thread] INFO  Engine               -       Ask questions and discuss at: https://github.com/AlmasB/FXGL/discussions
13:11:44.756 [JavaFX Application Thread] INFO  Engine               -              Join the FXGL chat at: https://gitter.im/AlmasB/FXGL
13:11:44.822 [JavaFX Application Thread] DEBUG EmbeddedPaneWindow   - Target settings size: 800.0 x 600.0
13:11:44.822 [JavaFX Application Thread] DEBUG EmbeddedPaneWindow   - Scaled scene size:    800.0 x 600.0
13:11:44.822 [JavaFX Application Thread] DEBUG EmbeddedPaneWindow   - Scaled ratio: (1.0, 1.0)
13:11:44.826 [JavaFX Application Thread] DEBUG EmbeddedPaneWindow   - Set initial scene to FXGLStartupScene
13:11:44.827 [JavaFX Application Thread] DEBUG EmbeddedPaneWindow   - Opening embedded window
13:11:44.829 [JavaFX Application Thread] DEBUG EmbeddedPaneWindow   - Window border size: (0, 0)
13:11:44.829 [JavaFX Application Thread] DEBUG EmbeddedPaneWindow   - Scaled size: 800.0 x 600.0
13:11:44.830 [JavaFX Application Thread] DEBUG EmbeddedPaneWindow   - Scaled ratio: (1.0, 1.0)
13:11:44.842 [FXGL Background Thread 1 ] DEBUG Engine               - Initializing environment variables
13:11:44.901 [FXGL Background Thread 1 ] DEBUG FXGLAssetLoaderServi - User app class for loading assets: class com.example.tamafx.FXGLApp.GameApp
13:11:44.901 [FXGL Background Thread 1 ] DEBUG GameApplicationServi - Applying CSS: fxgl_dark.css
13:11:44.904 [FXGL Background Thread 1 ] DEBUG FXGLAssetLoaderServi - Loading from file system: jar:file:/C:/Users/skyle/.m2/repository/com/github/almasb/fxgl/21/fxgl-21.jar!/fxglassets/ui/css/fxgl_dark.css
13:11:44.949 [FXGL Background Thread 1 ] DEBUG GameApplicationServi - Initializing application scenes
13:11:44.957 [FXGL Background Thread 1 ] DEBUG GameWorld            - Game world initialized
13:11:45.036 [FXGL Background Thread 1 ] DEBUG PhysicsWorld         - Physics world initialized: appHeight=600, physics.ppm=50.0
13:11:45.037 [FXGL Background Thread 1 ] DEBUG PhysicsWorld         - Using strategy: BRUTE_FORCE
13:11:45.040 [FXGL Background Thread 1 ] DEBUG GameScene            - Game scene initialized: 800x600
13:11:45.056 [FXGL Background Thread 1 ] DEBUG FXGL.DefaultMenu     - createMenuBodyGameMenu()
13:11:45.072 [FXGL Background Thread 1 ] DEBUG FXGL.DefaultMenu     - createOptionsMenu()
13:11:45.090 [FXGL Background Thread 1 ] DEBUG FXGLAssetLoaderServi - Loading from file system: jar:file:/C:/Users/skyle/.m2/repository/com/github/almasb/fxgl/21/fxgl-21.jar!/fxglassets/textures/particles/smoke.png
13:11:45.192 [FXGL Background Thread 1 ] DEBUG FXGLAssetLoaderServi - Loading from file system: jar:file:/C:/Users/skyle/.m2/repository/com/github/almasb/fxgl/21/fxgl-21.jar!/fxglassets/textures/particles/trace_horizontal.png
13:11:45.243 [FXGL Background Thread 1 ] DEBUG GameApplicationServi - Application scenes initialized
13:11:45.255 [FXGL Background Thread 1 ] DEBUG SystemBundleService  - Loading FXGL system data
13:11:45.261 [FXGL Background Thread 1 ] DEBUG FileSystemAccess     - Reading from: C:\Users\skyle\IdeaProjects\TamaFX\system\fxgl.bundle
13:11:45.273 [FXGL Background Thread 1 ] DEBUG SystemBundleService  - Bundle FXGL: {}
13:11:45.273 [FXGL Background Thread 1 ] DEBUG UpdaterService       - Checking for updates
13:11:45.278 [FXGL Background Thread 4 ] DEBUG FXGLApplication      - Loading fonts
13:11:45.279 [FXGL Background Thread 4 ] DEBUG FXGLAssetLoaderServi - Loading from file system: jar:file:/C:/Users/skyle/.m2/repository/com/github/almasb/fxgl/21/fxgl-21.jar!/fxglassets/ui/fonts/VarelaRound-Regular.ttf
13:11:45.279 [FXGL Background Thread 1 ] DEBUG FXGLApplication      - Loading default localization
13:11:45.280 [FXGL Background Thread 1 ] DEBUG FXGLAssetLoaderServi - Loading from file system: jar:file:/C:/Users/skyle/.m2/repository/com/github/almasb/fxgl/21/fxgl-21.jar!/fxglassets/languages/english.lang
13:11:45.335 [FXGL Background Thread 1 ] INFO  FXGLApplication      - FXGL initialization took: 0.493 sec
13:11:45.343 [FXGL Background Thread 4 ] DEBUG FXGLAssetLoaderServi - Loading from file system: jar:file:/C:/Users/skyle/.m2/repository/com/github/almasb/fxgl/21/fxgl-21.jar!/fxglassets/ui/fonts/Abel-Regular.ttf
13:11:45.347 [JavaFX Application Thread] DEBUG Input                - Registered new binding: action0 - A
13:11:45.347 [JavaFX Application Thread] DEBUG Input                - Registered new binding: action1 - D
13:11:45.348 [JavaFX Application Thread] DEBUG Input                - Registered new binding: action2 - W
13:11:45.348 [JavaFX Application Thread] DEBUG Input                - Registered new binding: action3 - S
13:11:45.349 [JavaFX Application Thread] DEBUG FXGLAssetLoaderServi - Loading from file system: jar:file:/C:/Users/skyle/.m2/repository/com/github/almasb/fxgl/21/fxgl-21.jar!/fxglassets/textures/fxgl_icon.png
13:11:45.363 [FXGL Background Thread 4 ] DEBUG FXGLAssetLoaderServi - Loading from file system: jar:file:/C:/Users/skyle/.m2/repository/com/github/almasb/fxgl/21/fxgl-21.jar!/fxglassets/ui/fonts/TerminalLandMono-Regular.otf
13:11:45.367 [JavaFX Application Thread] DEBUG FXGLAssetLoaderServi - Loading from file system: jar:file:/C:/Users/skyle/.m2/repository/com/github/almasb/fxgl/21/fxgl-21.jar!/fxglassets/textures/fxgl_default_cursor.png
13:11:45.369 [JavaFX Application Thread] DEBUG Input                - Registered new binding: Screenshot - CTRL+8
13:11:45.370 [JavaFX Application Thread] DEBUG Input                - Registered new binding: System info dump - CTRL+9
13:11:45.370 [JavaFX Application Thread] DEBUG Input                - Registered new binding: Restart - CTRL+R
13:11:45.371 [JavaFX Application Thread] DEBUG Input                - Registered new binding: Toggle Debug Camera - CTRL+7
13:11:45.374 [JavaFX Application Thread] DEBUG LoopRunner           - Starting loop
13:11:45.374 [JavaFX Application Thread] DEBUG LoopRunner           - Initializing JavaFX AnimationTimerLoop
13:11:45.374 [FXGL Background Thread 4 ] DEBUG FXGLAssetLoaderServi - Loading from file system: jar:file:/C:/Users/skyle/.m2/repository/com/github/almasb/fxgl/21/fxgl-21.jar!/fxglassets/ui/fonts/Courier-Prime.ttf
13:11:45.376 [JavaFX Application Thread] DEBUG GameApplicationServi - Starting new game
13:11:45.376 [JavaFX Application Thread] DEBUG Input                - Clearing active input actions
13:11:45.378 [JavaFX Application Thread] DEBUG GameApplicationServi - Removing overlay from FXGLStartupScene and adding to FXGLLoadingScene
13:11:45.378 [JavaFX Application Thread] DEBUG EmbeddedPaneWindow   - FXGLStartupScene -> FXGLLoadingScene
13:11:45.378 [JavaFX Application Thread] DEBUG GameApplicationServi - Clearing previous game
13:11:45.378 [JavaFX Application Thread] DEBUG GameScene            - Clearing game scene
13:11:45.378 [JavaFX Application Thread] DEBUG GameWorld            - Clearing game world
13:11:45.379 [JavaFX Application Thread] DEBUG PhysicsWorld         - Clearing physics world
13:11:45.381 [FXGL Background Thread 1 ] DEBUG FXGLApplication      - Initializing game
13:11:45.394 [FXGL Background Thread 1 ] DEBUG FXGLAssetLoaderServi - Loading from file system: file:/C:/Users/skyle/IdeaProjects/TamaFX/target/classes/assets/textures/slime.png
13:11:45.412 [FXGL Background Thread 1 ] WARN  FXGLAssetLoaderServi - Asset "/assets/sounds/bgm.mp3" was not found!
13:11:45.412 [FXGL Background Thread 1 ] WARN  FXGLAssetLoaderServi - Failed to load SOUND
13:11:45.414 [JavaFX Application Thread] DEBUG FXGLApplication      - Registering font factories with UI factory
13:11:45.417 [FXGL Background Thread 1 ] INFO  FXGLApplication      - Game initialization took: 0.036 sec
13:11:45.481 [JavaFX Application Thread] DEBUG Input                - Clearing active input actions
13:11:45.483 [JavaFX Application Thread] DEBUG GameApplicationServi - Removing overlay from FXGLLoadingScene and adding to GameScene
13:11:45.483 [JavaFX Application Thread] DEBUG EmbeddedPaneWindow   - FXGLLoadingScene -> GameScene
13:11:46.234 [FXGL Background Thread 2 ] INFO  UpdaterService       - Your current version:  21
13:11:46.234 [FXGL Background Thread 2 ] INFO  UpdaterService       - Latest stable version: 21.1
13:11:48.278 [FXGL Background Thread 3 ] DEBUG Engine               - Logging environment variables
13:11:48.280 [FXGL Background Thread 3 ] DEBUG Engine               - achievements: []
13:11:48.280 [FXGL Background Thread 3 ] DEBUG Engine               - actualHeight: 600.0
13:11:48.280 [FXGL Background Thread 3 ] DEBUG Engine               - actualHeightProperty: ReadOnlyDoubleProperty [value: 600.0]
13:11:48.280 [FXGL Background Thread 3 ] DEBUG Engine               - actualWidth: 800.0
13:11:48.280 [FXGL Background Thread 3 ] DEBUG Engine               - actualWidthProperty: ReadOnlyDoubleProperty [value: 800.0]
13:11:48.280 [FXGL Background Thread 3 ] DEBUG Engine               - appIcon: fxgl_icon.png
13:11:48.280 [FXGL Background Thread 3 ] DEBUG Engine               - applicationMode: DEVELOPER
13:11:48.281 [FXGL Background Thread 3 ] DEBUG Engine               - cSSList: [fxgl_dark.css]
13:11:48.281 [FXGL Background Thread 3 ] DEBUG Engine               - collisionDetectionStrategy: BRUTE_FORCE
13:11:48.281 [FXGL Background Thread 3 ] DEBUG Engine               - configClass: Optional.empty
13:11:48.281 [FXGL Background Thread 3 ] DEBUG Engine               - credits: []
13:11:48.281 [FXGL Background Thread 3 ] DEBUG Engine               - defaultCursor: CursorInfo(imageName=fxgl_default_cursor.png, hotspotX=7.0, hotspotY=6.0)
13:11:48.281 [FXGL Background Thread 3 ] DEBUG Engine               - devBBoxColorProperty: ObjectProperty [value: 0xff0000ff]
13:11:48.281 [FXGL Background Thread 3 ] DEBUG Engine               - devEnableDebugCameraProperty: BooleanProperty [value: false]
13:11:48.282 [FXGL Background Thread 3 ] DEBUG Engine               - devSensorColorProperty: ObjectProperty [value: 0xffff00ff]
13:11:48.282 [FXGL Background Thread 3 ] DEBUG Engine               - devShowBBoxProperty: BooleanProperty [value: false]
13:11:48.282 [FXGL Background Thread 3 ] DEBUG Engine               - devShowPositionProperty: BooleanProperty [value: false]
13:11:48.282 [FXGL Background Thread 3 ] DEBUG Engine               - enabledMenuItems: []
13:11:48.282 [FXGL Background Thread 3 ] DEBUG Engine               - engineServices: [class com.almasb.fxgl.app.services.FXGLAssetLoaderService, class com.almasb.fxgl.app.FXGLApplication$GameApplicationService, class com.almasb.fxgl.app.services.FXGLDialogService, class com.almasb.fxgl.app.services.IOTaskExecutorService, class com.almasb.fxgl.io.FileSystemService, class com.almasb.fxgl.localization.LocalizationService, class com.almasb.fxgl.app.services.SystemBundleService, class com.almasb.fxgl.profile.SaveLoadService, class com.almasb.fxgl.ui.FXGLUIFactoryServiceProvider, class com.almasb.fxgl.ui.FXGLDialogFactoryServiceProvider, class com.almasb.fxgl.audio.AudioPlayer, class com.almasb.fxgl.notification.impl.NotificationServiceProvider, class com.almasb.fxgl.achievement.AchievementService, class com.almasb.fxgl.cutscene.CutsceneService, class com.almasb.fxgl.minigames.MiniGameService, class com.almasb.fxgl.net.NetService, class com.almasb.fxgl.app.services.UpdaterService, class com.almasb.fxgl.dev.DevService]
13:11:48.282 [FXGL Background Thread 3 ] DEBUG Engine               - fontGame: Abel-Regular.ttf
13:11:48.282 [FXGL Background Thread 3 ] DEBUG Engine               - fontMono: TerminalLandMono-Regular.otf
13:11:48.282 [FXGL Background Thread 3 ] DEBUG Engine               - fontSizeScaleUI: 1.0
13:11:48.282 [FXGL Background Thread 3 ] DEBUG Engine               - fontText: Courier-Prime.ttf
13:11:48.282 [FXGL Background Thread 3 ] DEBUG Engine               - fontUI: VarelaRound-Regular.ttf
13:11:48.283 [FXGL Background Thread 3 ] DEBUG Engine               - fullScreen: BooleanProperty [value: true]
13:11:48.283 [FXGL Background Thread 3 ] DEBUG Engine               - gameDifficulty: MEDIUM
13:11:48.283 [FXGL Background Thread 3 ] DEBUG Engine               - gameDifficultyProperty: ObjectProperty [value: MEDIUM]
13:11:48.283 [FXGL Background Thread 3 ] DEBUG Engine               - globalMusicVolume: 0.5
13:11:48.283 [FXGL Background Thread 3 ] DEBUG Engine               - globalMusicVolumeProperty: DoubleProperty [value: 0.5]
13:11:48.283 [FXGL Background Thread 3 ] DEBUG Engine               - globalSoundVolume: 0.5
13:11:48.283 [FXGL Background Thread 3 ] DEBUG Engine               - globalSoundVolumeProperty: DoubleProperty [value: 0.5]
13:11:48.283 [FXGL Background Thread 3 ] DEBUG Engine               - height: 600
13:11:48.283 [FXGL Background Thread 3 ] DEBUG Engine               - is3D: false
13:11:48.283 [FXGL Background Thread 3 ] DEBUG Engine               - isAndroid: false
13:11:48.283 [FXGL Background Thread 3 ] DEBUG Engine               - isBrowser: false
13:11:48.284 [FXGL Background Thread 3 ] DEBUG Engine               - isClickFeedbackEnabled: false
13:11:48.284 [FXGL Background Thread 3 ] DEBUG Engine               - isCloseConfirmation: false
13:11:48.284 [FXGL Background Thread 3 ] DEBUG Engine               - isDesktop: true
13:11:48.284 [FXGL Background Thread 3 ] DEBUG Engine               - isDeveloperMenuEnabled: false
13:11:48.284 [FXGL Background Thread 3 ] DEBUG Engine               - isEmbedded: false
13:11:48.284 [FXGL Background Thread 3 ] DEBUG Engine               - isEntityPreloadEnabled: true
13:11:48.284 [FXGL Background Thread 3 ] DEBUG Engine               - isExperimentalTiledLargeMap: false
13:11:48.284 [FXGL Background Thread 3 ] DEBUG Engine               - isFileSystemWriteAllowed: true
13:11:48.284 [FXGL Background Thread 3 ] DEBUG Engine               - isFullScreenAllowed: false
13:11:48.284 [FXGL Background Thread 3 ] DEBUG Engine               - isFullScreenFromStart: true
13:11:48.284 [FXGL Background Thread 3 ] DEBUG Engine               - isGameMenuEnabled: true
13:11:48.284 [FXGL Background Thread 3 ] DEBUG Engine               - isIOS: false
13:11:48.284 [FXGL Background Thread 3 ] DEBUG Engine               - isIntroEnabled: false
13:11:48.284 [FXGL Background Thread 3 ] DEBUG Engine               - isLinux: false
13:11:48.285 [FXGL Background Thread 3 ] DEBUG Engine               - isMac: false
13:11:48.285 [FXGL Background Thread 3 ] DEBUG Engine               - isMainMenuEnabled: false
13:11:48.285 [FXGL Background Thread 3 ] DEBUG Engine               - isManualResizeEnabled: false
13:11:48.285 [FXGL Background Thread 3 ] DEBUG Engine               - isMobile: false
13:11:48.285 [FXGL Background Thread 3 ] DEBUG Engine               - isNative: false
13:11:48.285 [FXGL Background Thread 3 ] DEBUG Engine               - isPauseMusicWhenMinimized: true
13:11:48.285 [FXGL Background Thread 3 ] DEBUG Engine               - isPreserveResizeRatio: false
13:11:48.285 [FXGL Background Thread 3 ] DEBUG Engine               - isProfilingEnabled: false
13:11:48.285 [FXGL Background Thread 3 ] DEBUG Engine               - isScaleAffectedOnResize: true
13:11:48.285 [FXGL Background Thread 3 ] DEBUG Engine               - isSingleStep: false
13:11:48.285 [FXGL Background Thread 3 ] DEBUG Engine               - isUserProfileEnabled: false
13:11:48.285 [FXGL Background Thread 3 ] DEBUG Engine               - isWindows: true
13:11:48.285 [FXGL Background Thread 3 ] DEBUG Engine               - language: ObjectProperty [value: ENGLISH]
13:11:48.285 [FXGL Background Thread 3 ] DEBUG Engine               - menuKey: ESCAPE
13:11:48.286 [FXGL Background Thread 3 ] DEBUG Engine               - mouseSensitivity: 0.2
13:11:48.286 [FXGL Background Thread 3 ] DEBUG Engine               - notificationViewClass: class com.almasb.fxgl.notification.view.XboxNotificationView
13:11:48.286 [FXGL Background Thread 3 ] DEBUG Engine               - pixelsPerMeter: 50.0
13:11:48.286 [FXGL Background Thread 3 ] DEBUG Engine               - platform: WINDOWS
13:11:48.286 [FXGL Background Thread 3 ] DEBUG Engine               - prefHeightProperty: ReadOnlyDoubleProperty [value: 600.0]
13:11:48.286 [FXGL Background Thread 3 ] DEBUG Engine               - prefWidthProperty: ReadOnlyDoubleProperty [value: 800.0]
13:11:48.286 [FXGL Background Thread 3 ] DEBUG Engine               - profileDir: profiles/
13:11:48.286 [FXGL Background Thread 3 ] DEBUG Engine               - profileName: StringProperty [value: DEFAULT]
13:11:48.286 [FXGL Background Thread 3 ] DEBUG Engine               - randomSeed: -1
13:11:48.286 [FXGL Background Thread 3 ] DEBUG Engine               - runtimeInfo: RuntimeInfo(platform=WINDOWS, version=21, build=28.12.2023 13.35)
13:11:48.286 [FXGL Background Thread 3 ] DEBUG Engine               - saveFileExt: sav
13:11:48.286 [FXGL Background Thread 3 ] DEBUG Engine               - scaledHeightProp$fxgl: DoubleProperty [bound, value: 600.0]
13:11:48.286 [FXGL Background Thread 3 ] DEBUG Engine               - scaledWidthProp$fxgl: DoubleProperty [bound, value: 800.0]
13:11:48.287 [FXGL Background Thread 3 ] DEBUG Engine               - sceneFactory: com.almasb.fxgl.app.scene.SceneFactory@4994ec40
13:11:48.287 [FXGL Background Thread 3 ] DEBUG Engine               - secondsIn24h: 60
13:11:48.287 [FXGL Background Thread 3 ] DEBUG Engine               - soundMenuBack: menu/back.wav
13:11:48.287 [FXGL Background Thread 3 ] DEBUG Engine               - soundMenuPress: menu/press.wav
13:11:48.287 [FXGL Background Thread 3 ] DEBUG Engine               - soundMenuSelect: menu/select.wav
13:11:48.287 [FXGL Background Thread 3 ] DEBUG Engine               - soundNotification: core/notification.wav
13:11:48.287 [FXGL Background Thread 3 ] DEBUG Engine               - stageStyle: DECORATED
13:11:48.287 [FXGL Background Thread 3 ] DEBUG Engine               - supportedLanguages: [ENGLISH, FRENCH, GERMAN, HUNGARIAN, RUSSIAN]
13:11:48.287 [FXGL Background Thread 3 ] DEBUG Engine               - ticksPerSecond: -1
13:11:48.287 [FXGL Background Thread 3 ] DEBUG Engine               - title: TamaEpic
13:11:48.287 [FXGL Background Thread 3 ] DEBUG Engine               - urlGithub: https://github.com/AlmasB/FXGL
13:11:48.287 [FXGL Background Thread 3 ] DEBUG Engine               - urlLeaderboard: http://fxgl-top.herokuapp.com/
13:11:48.287 [FXGL Background Thread 3 ] DEBUG Engine               - urlPOM: https://raw.githubusercontent.com/AlmasB/FXGL/release/README.md
13:11:48.287 [FXGL Background Thread 3 ] DEBUG Engine               - userAppClass: class com.example.tamafx.FXGLApp.GameApp
13:11:48.287 [FXGL Background Thread 3 ] DEBUG Engine               - version: 0.1
13:11:48.287 [FXGL Background Thread 3 ] DEBUG Engine               - versionCheckDays: 7
13:11:48.287 [FXGL Background Thread 3 ] DEBUG Engine               - width: 800
13:11:48.287 [FXGL Background Thread 3 ] DEBUG Engine               - Logging services
13:11:48.288 [FXGL Background Thread 3 ] DEBUG Engine               - class com.almasb.fxgl.app.services.FXGLAssetLoaderService
13:11:48.288 [FXGL Background Thread 3 ] DEBUG Engine               - class com.almasb.fxgl.app.FXGLApplication$GameApplicationService
13:11:48.288 [FXGL Background Thread 3 ] DEBUG Engine               - class com.almasb.fxgl.app.services.FXGLDialogService
13:11:48.288 [FXGL Background Thread 3 ] DEBUG Engine               - class com.almasb.fxgl.app.services.IOTaskExecutorService
13:11:48.288 [FXGL Background Thread 3 ] DEBUG Engine               - class com.almasb.fxgl.io.FileSystemService
13:11:48.288 [FXGL Background Thread 3 ] DEBUG Engine               - class com.almasb.fxgl.localization.LocalizationService
13:11:48.288 [FXGL Background Thread 3 ] DEBUG Engine               - class com.almasb.fxgl.app.services.SystemBundleService
13:11:48.288 [FXGL Background Thread 3 ] DEBUG Engine               - class com.almasb.fxgl.profile.SaveLoadService
13:11:48.288 [FXGL Background Thread 3 ] DEBUG Engine               - class com.almasb.fxgl.ui.FXGLUIFactoryServiceProvider
13:11:48.288 [FXGL Background Thread 3 ] DEBUG Engine               - class com.almasb.fxgl.ui.FXGLDialogFactoryServiceProvider
13:11:48.288 [FXGL Background Thread 3 ] DEBUG Engine               - class com.almasb.fxgl.audio.AudioPlayer
13:11:48.288 [FXGL Background Thread 3 ] DEBUG Engine               - class com.almasb.fxgl.notification.impl.NotificationServiceProvider
13:11:48.288 [FXGL Background Thread 3 ] DEBUG Engine               - class com.almasb.fxgl.achievement.AchievementService
13:11:48.288 [FXGL Background Thread 3 ] DEBUG Engine               - class com.almasb.fxgl.cutscene.CutsceneService
13:11:48.288 [FXGL Background Thread 3 ] DEBUG Engine               - class com.almasb.fxgl.minigames.MiniGameService
13:11:48.288 [FXGL Background Thread 3 ] DEBUG Engine               - class com.almasb.fxgl.net.NetService
13:11:48.288 [FXGL Background Thread 3 ] DEBUG Engine               - class com.almasb.fxgl.app.services.UpdaterService
13:11:48.288 [FXGL Background Thread 3 ] DEBUG Engine               - class com.almasb.fxgl.dev.DevService
13:12:11.563 [JavaFX Application Thread] DEBUG FXGLApplication      - Exiting FXGL
13:12:11.563 [JavaFX Application Thread] DEBUG LoopRunner           - Stopping loop
13:12:11.563 [JavaFX Application Thread] DEBUG SystemBundleService  - Saving FXGL system data
13:12:11.568 [JavaFX Application Thread] DEBUG FileSystemAccess     - Writing to: C:\Users\skyle\IdeaProjects\TamaFX\system\fxgl.bundle
13:12:11.570 [JavaFX Application Thread] DEBUG Async                - Shutting down background threads
13:12:11.571 [JavaFX Application Thread] DEBUG Logger               - Closing Logger
