17:10:46.095 [JavaFX Application Thread] DEBUG Logger               - Configured Logger
17:10:46.110 [JavaFX Application Thread] DEBUG GameApplication      - Logging settings
Title: TamaEpic
Version: 0.1
Width: 800
Height: 600
Fullscreen: false
Intro: false
Profiling: false
Single step:false
App Mode: DEVELOPER
Menu Key: ESCAPE
Stage Style: DECORATED
Scene Factory: class com.almasb.fxgl.app.scene.SceneFactory

17:10:46.113 [JavaFX Application Thread] DEBUG FXGLApplication      - Initializing FXGL
17:10:46.117 [JavaFX Application Thread] INFO  Engine               - FXGL-21 (28.12.2023 13.35) on WINDOWS (J:21.0.1 FX:12)
17:10:46.118 [JavaFX Application Thread] DEBUG Engine               - JRE Vendor Name: Oracle Corporation
17:10:46.118 [JavaFX Application Thread] DEBUG Engine               - Running on OS: Windows 10 version 10.0
17:10:46.118 [JavaFX Application Thread] DEBUG Engine               - Architecture: amd64
17:10:46.118 [JavaFX Application Thread] INFO  Engine               - Source code and latest versions at: https://github.com/AlmasB/FXGL
17:10:46.118 [JavaFX Application Thread] INFO  Engine               -       Ask questions and discuss at: https://github.com/AlmasB/FXGL/discussions
17:10:46.118 [JavaFX Application Thread] INFO  Engine               -              Join the FXGL chat at: https://gitter.im/AlmasB/FXGL
17:10:46.188 [JavaFX Application Thread] DEBUG EmbeddedPaneWindow   - Target settings size: 800.0 x 600.0
17:10:46.189 [JavaFX Application Thread] DEBUG EmbeddedPaneWindow   - Scaled scene size:    800.0 x 600.0
17:10:46.189 [JavaFX Application Thread] DEBUG EmbeddedPaneWindow   - Scaled ratio: (1.0, 1.0)
17:10:46.192 [JavaFX Application Thread] DEBUG EmbeddedPaneWindow   - Set initial scene to FXGLStartupScene
17:10:46.193 [JavaFX Application Thread] DEBUG EmbeddedPaneWindow   - Opening embedded window
17:10:46.194 [JavaFX Application Thread] DEBUG EmbeddedPaneWindow   - Window border size: (0, 0)
17:10:46.195 [JavaFX Application Thread] DEBUG EmbeddedPaneWindow   - Scaled size: 800.0 x 600.0
17:10:46.195 [JavaFX Application Thread] DEBUG EmbeddedPaneWindow   - Scaled ratio: (1.0, 1.0)
17:10:46.201 [FXGL Background Thread 1 ] DEBUG Engine               - Initializing environment variables
17:10:46.255 [FXGL Background Thread 1 ] DEBUG FXGLAssetLoaderServi - User app class for loading assets: class com.example.tamafx.GameApp
17:10:46.255 [FXGL Background Thread 1 ] DEBUG GameApplicationServi - Applying CSS: fxgl_dark.css
17:10:46.256 [FXGL Background Thread 1 ] DEBUG FXGLAssetLoaderServi - Loading from file system: jar:file:/C:/Users/skyle/.m2/repository/com/github/almasb/fxgl/21/fxgl-21.jar!/fxglassets/ui/css/fxgl_dark.css
17:10:46.294 [FXGL Background Thread 1 ] DEBUG GameApplicationServi - Initializing application scenes
17:10:46.303 [FXGL Background Thread 1 ] DEBUG GameWorld            - Game world initialized
17:10:46.379 [FXGL Background Thread 1 ] DEBUG PhysicsWorld         - Physics world initialized: appHeight=600, physics.ppm=50.0
17:10:46.379 [FXGL Background Thread 1 ] DEBUG PhysicsWorld         - Using strategy: BRUTE_FORCE
17:10:46.382 [FXGL Background Thread 1 ] DEBUG GameScene            - Game scene initialized: 800x600
17:10:46.396 [FXGL Background Thread 1 ] DEBUG FXGL.DefaultMenu     - createMenuBodyGameMenu()
17:10:46.411 [FXGL Background Thread 1 ] DEBUG FXGL.DefaultMenu     - createOptionsMenu()
17:10:46.427 [FXGL Background Thread 1 ] DEBUG FXGLAssetLoaderServi - Loading from file system: jar:file:/C:/Users/skyle/.m2/repository/com/github/almasb/fxgl/21/fxgl-21.jar!/fxglassets/textures/particles/smoke.png
17:10:46.523 [FXGL Background Thread 1 ] DEBUG FXGLAssetLoaderServi - Loading from file system: jar:file:/C:/Users/skyle/.m2/repository/com/github/almasb/fxgl/21/fxgl-21.jar!/fxglassets/textures/particles/trace_horizontal.png
17:10:46.549 [FXGL Background Thread 1 ] DEBUG GameApplicationServi - Application scenes initialized
17:10:46.565 [FXGL Background Thread 1 ] DEBUG SystemBundleService  - Loading FXGL system data
17:10:46.571 [FXGL Background Thread 1 ] DEBUG FileSystemAccess     - Reading from: C:\Users\skyle\IdeaProjects\TamaFX\system\fxgl.bundle
17:10:46.580 [FXGL Background Thread 1 ] DEBUG SystemBundleService  - Bundle FXGL: {}
17:10:46.580 [FXGL Background Thread 1 ] DEBUG UpdaterService       - Checking for updates
17:10:46.585 [FXGL Background Thread 4 ] DEBUG FXGLApplication      - Loading fonts
17:10:46.586 [FXGL Background Thread 1 ] DEBUG FXGLApplication      - Loading default localization
17:10:46.586 [FXGL Background Thread 4 ] DEBUG FXGLAssetLoaderServi - Loading from file system: jar:file:/C:/Users/skyle/.m2/repository/com/github/almasb/fxgl/21/fxgl-21.jar!/fxglassets/ui/fonts/VarelaRound-Regular.ttf
17:10:46.587 [FXGL Background Thread 1 ] DEBUG FXGLAssetLoaderServi - Loading from file system: jar:file:/C:/Users/skyle/.m2/repository/com/github/almasb/fxgl/21/fxgl-21.jar!/fxglassets/languages/english.lang
17:10:46.615 [FXGL Background Thread 1 ] INFO  FXGLApplication      - FXGL initialization took: 0.413 sec
17:10:46.625 [JavaFX Application Thread] DEBUG Input                - Registered new binding: action0 - A
17:10:46.625 [JavaFX Application Thread] DEBUG Input                - Registered new binding: action1 - D
17:10:46.626 [JavaFX Application Thread] DEBUG Input                - Registered new binding: action2 - W
17:10:46.626 [JavaFX Application Thread] DEBUG Input                - Registered new binding: action3 - S
17:10:46.627 [JavaFX Application Thread] DEBUG FXGLAssetLoaderServi - Loading from file system: jar:file:/C:/Users/skyle/.m2/repository/com/github/almasb/fxgl/21/fxgl-21.jar!/fxglassets/textures/fxgl_icon.png
17:10:46.646 [JavaFX Application Thread] DEBUG FXGLAssetLoaderServi - Loading from file system: jar:file:/C:/Users/skyle/.m2/repository/com/github/almasb/fxgl/21/fxgl-21.jar!/fxglassets/textures/fxgl_default_cursor.png
17:10:46.660 [JavaFX Application Thread] DEBUG Input                - Registered new binding: Screenshot - CTRL+8
17:10:46.661 [JavaFX Application Thread] DEBUG Input                - Registered new binding: System info dump - CTRL+9
17:10:46.661 [JavaFX Application Thread] DEBUG Input                - Registered new binding: Restart - CTRL+R
17:10:46.662 [JavaFX Application Thread] DEBUG Input                - Registered new binding: Toggle Debug Camera - CTRL+7
17:10:46.668 [JavaFX Application Thread] DEBUG LoopRunner           - Starting loop
17:10:46.668 [JavaFX Application Thread] DEBUG LoopRunner           - Initializing JavaFX AnimationTimerLoop
17:10:46.670 [JavaFX Application Thread] DEBUG GameApplicationServi - Starting new game
17:10:46.671 [JavaFX Application Thread] DEBUG Input                - Clearing active input actions
17:10:46.672 [JavaFX Application Thread] DEBUG GameApplicationServi - Removing overlay from FXGLStartupScene and adding to FXGLLoadingScene
17:10:46.673 [JavaFX Application Thread] DEBUG EmbeddedPaneWindow   - FXGLStartupScene -> FXGLLoadingScene
17:10:46.673 [JavaFX Application Thread] DEBUG GameApplicationServi - Clearing previous game
17:10:46.673 [JavaFX Application Thread] DEBUG GameScene            - Clearing game scene
17:10:46.673 [JavaFX Application Thread] DEBUG GameWorld            - Clearing game world
17:10:46.673 [JavaFX Application Thread] DEBUG PhysicsWorld         - Clearing physics world
17:10:46.675 [FXGL Background Thread 1 ] DEBUG FXGLApplication      - Initializing game
17:10:46.693 [FXGL Background Thread 1 ] DEBUG FXGLAssetLoaderServi - Loading from file system: file:/C:/Users/skyle/IdeaProjects/TamaFX/target/classes/assets/textures/slime.png
17:10:46.710 [FXGL Background Thread 1 ] DEBUG FXGLAssetLoaderServi - Loading from file system: file:/C:/Users/skyle/IdeaProjects/TamaFX/target/classes/assets/music/bgm.mp3
17:10:46.774 [FXGL Background Thread 4 ] DEBUG FXGLAssetLoaderServi - Loading from file system: jar:file:/C:/Users/skyle/.m2/repository/com/github/almasb/fxgl/21/fxgl-21.jar!/fxglassets/ui/fonts/Abel-Regular.ttf
17:10:46.847 [FXGL Background Thread 4 ] DEBUG FXGLAssetLoaderServi - Loading from file system: jar:file:/C:/Users/skyle/.m2/repository/com/github/almasb/fxgl/21/fxgl-21.jar!/fxglassets/ui/fonts/TerminalLandMono-Regular.otf
17:10:46.865 [FXGL Background Thread 4 ] DEBUG FXGLAssetLoaderServi - Loading from file system: jar:file:/C:/Users/skyle/.m2/repository/com/github/almasb/fxgl/21/fxgl-21.jar!/fxglassets/ui/fonts/Courier-Prime.ttf
17:10:46.903 [JavaFX Application Thread] DEBUG FXGLApplication      - Registering font factories with UI factory
17:10:46.966 [FXGL Background Thread 1 ] DEBUG AudioPlayer          - Playing music com.almasb.fxgl.audio.Music@54f6b2eb
17:10:46.977 [FXGL Background Thread 1 ] INFO  FXGLApplication      - Game initialization took: 0.302 sec
17:10:46.977 [JavaFX Application Thread] DEBUG Input                - Clearing active input actions
17:10:46.979 [JavaFX Application Thread] DEBUG GameApplicationServi - Removing overlay from FXGLLoadingScene and adding to GameScene
17:10:46.980 [JavaFX Application Thread] DEBUG EmbeddedPaneWindow   - FXGLLoadingScene -> GameScene
17:10:47.158 [FXGL Background Thread 2 ] INFO  UpdaterService       - Your current version:  21
17:10:47.159 [FXGL Background Thread 2 ] INFO  UpdaterService       - Latest stable version: 21.1
17:10:49.583 [FXGL Background Thread 3 ] DEBUG Engine               - Logging environment variables
17:10:49.583 [FXGL Background Thread 3 ] DEBUG Engine               - achievements: []
17:10:49.584 [FXGL Background Thread 3 ] DEBUG Engine               - actualHeight: 600.0
17:10:49.584 [FXGL Background Thread 3 ] DEBUG Engine               - actualHeightProperty: ReadOnlyDoubleProperty [value: 600.0]
17:10:49.584 [FXGL Background Thread 3 ] DEBUG Engine               - actualWidth: 800.0
17:10:49.584 [FXGL Background Thread 3 ] DEBUG Engine               - actualWidthProperty: ReadOnlyDoubleProperty [value: 800.0]
17:10:49.584 [FXGL Background Thread 3 ] DEBUG Engine               - appIcon: fxgl_icon.png
17:10:49.584 [FXGL Background Thread 3 ] DEBUG Engine               - applicationMode: DEVELOPER
17:10:49.585 [FXGL Background Thread 3 ] DEBUG Engine               - cSSList: [fxgl_dark.css]
17:10:49.585 [FXGL Background Thread 3 ] DEBUG Engine               - collisionDetectionStrategy: BRUTE_FORCE
17:10:49.585 [FXGL Background Thread 3 ] DEBUG Engine               - configClass: Optional.empty
17:10:49.585 [FXGL Background Thread 3 ] DEBUG Engine               - credits: []
17:10:49.585 [FXGL Background Thread 3 ] DEBUG Engine               - defaultCursor: CursorInfo(imageName=fxgl_default_cursor.png, hotspotX=7.0, hotspotY=6.0)
17:10:49.585 [FXGL Background Thread 3 ] DEBUG Engine               - devBBoxColorProperty: ObjectProperty [value: 0xff0000ff]
17:10:49.586 [FXGL Background Thread 3 ] DEBUG Engine               - devEnableDebugCameraProperty: BooleanProperty [value: false]
17:10:49.586 [FXGL Background Thread 3 ] DEBUG Engine               - devSensorColorProperty: ObjectProperty [value: 0xffff00ff]
17:10:49.586 [FXGL Background Thread 3 ] DEBUG Engine               - devShowBBoxProperty: BooleanProperty [value: false]
17:10:49.586 [FXGL Background Thread 3 ] DEBUG Engine               - devShowPositionProperty: BooleanProperty [value: false]
17:10:49.586 [FXGL Background Thread 3 ] DEBUG Engine               - enabledMenuItems: []
17:10:49.587 [FXGL Background Thread 3 ] DEBUG Engine               - engineServices: [class com.almasb.fxgl.app.services.FXGLAssetLoaderService, class com.almasb.fxgl.app.FXGLApplication$GameApplicationService, class com.almasb.fxgl.app.services.FXGLDialogService, class com.almasb.fxgl.app.services.IOTaskExecutorService, class com.almasb.fxgl.io.FileSystemService, class com.almasb.fxgl.localization.LocalizationService, class com.almasb.fxgl.app.services.SystemBundleService, class com.almasb.fxgl.profile.SaveLoadService, class com.almasb.fxgl.ui.FXGLUIFactoryServiceProvider, class com.almasb.fxgl.ui.FXGLDialogFactoryServiceProvider, class com.almasb.fxgl.audio.AudioPlayer, class com.almasb.fxgl.notification.impl.NotificationServiceProvider, class com.almasb.fxgl.achievement.AchievementService, class com.almasb.fxgl.cutscene.CutsceneService, class com.almasb.fxgl.minigames.MiniGameService, class com.almasb.fxgl.net.NetService, class com.almasb.fxgl.app.services.UpdaterService, class com.almasb.fxgl.dev.DevService]
17:10:49.587 [FXGL Background Thread 3 ] DEBUG Engine               - fontGame: Abel-Regular.ttf
17:10:49.587 [FXGL Background Thread 3 ] DEBUG Engine               - fontMono: TerminalLandMono-Regular.otf
17:10:49.587 [FXGL Background Thread 3 ] DEBUG Engine               - fontSizeScaleUI: 1.0
17:10:49.587 [FXGL Background Thread 3 ] DEBUG Engine               - fontText: Courier-Prime.ttf
17:10:49.587 [FXGL Background Thread 3 ] DEBUG Engine               - fontUI: VarelaRound-Regular.ttf
17:10:49.587 [FXGL Background Thread 3 ] DEBUG Engine               - fullScreen: BooleanProperty [value: true]
17:10:49.587 [FXGL Background Thread 3 ] DEBUG Engine               - gameDifficulty: MEDIUM
17:10:49.587 [FXGL Background Thread 3 ] DEBUG Engine               - gameDifficultyProperty: ObjectProperty [value: MEDIUM]
17:10:49.587 [FXGL Background Thread 3 ] DEBUG Engine               - globalMusicVolume: 0.5
17:10:49.588 [FXGL Background Thread 3 ] DEBUG Engine               - globalMusicVolumeProperty: DoubleProperty [value: 0.5]
17:10:49.588 [FXGL Background Thread 3 ] DEBUG Engine               - globalSoundVolume: 0.5
17:10:49.588 [FXGL Background Thread 3 ] DEBUG Engine               - globalSoundVolumeProperty: DoubleProperty [value: 0.5]
17:10:49.588 [FXGL Background Thread 3 ] DEBUG Engine               - height: 600
17:10:49.588 [FXGL Background Thread 3 ] DEBUG Engine               - is3D: false
17:10:49.588 [FXGL Background Thread 3 ] DEBUG Engine               - isAndroid: false
17:10:49.588 [FXGL Background Thread 3 ] DEBUG Engine               - isBrowser: false
17:10:49.588 [FXGL Background Thread 3 ] DEBUG Engine               - isClickFeedbackEnabled: false
17:10:49.588 [FXGL Background Thread 3 ] DEBUG Engine               - isCloseConfirmation: false
17:10:49.588 [FXGL Background Thread 3 ] DEBUG Engine               - isDesktop: true
17:10:49.588 [FXGL Background Thread 3 ] DEBUG Engine               - isDeveloperMenuEnabled: false
17:10:49.588 [FXGL Background Thread 3 ] DEBUG Engine               - isEmbedded: false
17:10:49.588 [FXGL Background Thread 3 ] DEBUG Engine               - isEntityPreloadEnabled: true
17:10:49.588 [FXGL Background Thread 3 ] DEBUG Engine               - isExperimentalTiledLargeMap: false
17:10:49.588 [FXGL Background Thread 3 ] DEBUG Engine               - isFileSystemWriteAllowed: true
17:10:49.588 [FXGL Background Thread 3 ] DEBUG Engine               - isFullScreenAllowed: false
17:10:49.589 [FXGL Background Thread 3 ] DEBUG Engine               - isFullScreenFromStart: true
17:10:49.589 [FXGL Background Thread 3 ] DEBUG Engine               - isGameMenuEnabled: true
17:10:49.589 [FXGL Background Thread 3 ] DEBUG Engine               - isIOS: false
17:10:49.589 [FXGL Background Thread 3 ] DEBUG Engine               - isIntroEnabled: false
17:10:49.589 [FXGL Background Thread 3 ] DEBUG Engine               - isLinux: false
17:10:49.589 [FXGL Background Thread 3 ] DEBUG Engine               - isMac: false
17:10:49.589 [FXGL Background Thread 3 ] DEBUG Engine               - isMainMenuEnabled: false
17:10:49.589 [FXGL Background Thread 3 ] DEBUG Engine               - isManualResizeEnabled: false
17:10:49.589 [FXGL Background Thread 3 ] DEBUG Engine               - isMobile: false
17:10:49.589 [FXGL Background Thread 3 ] DEBUG Engine               - isNative: false
17:10:49.589 [FXGL Background Thread 3 ] DEBUG Engine               - isPauseMusicWhenMinimized: true
17:10:49.589 [FXGL Background Thread 3 ] DEBUG Engine               - isPreserveResizeRatio: false
17:10:49.589 [FXGL Background Thread 3 ] DEBUG Engine               - isProfilingEnabled: false
17:10:49.589 [FXGL Background Thread 3 ] DEBUG Engine               - isScaleAffectedOnResize: true
17:10:49.589 [FXGL Background Thread 3 ] DEBUG Engine               - isSingleStep: false
17:10:49.589 [FXGL Background Thread 3 ] DEBUG Engine               - isUserProfileEnabled: false
17:10:49.589 [FXGL Background Thread 3 ] DEBUG Engine               - isWindows: true
17:10:49.589 [FXGL Background Thread 3 ] DEBUG Engine               - language: ObjectProperty [value: ENGLISH]
17:10:49.590 [FXGL Background Thread 3 ] DEBUG Engine               - menuKey: ESCAPE
17:10:49.590 [FXGL Background Thread 3 ] DEBUG Engine               - mouseSensitivity: 0.2
17:10:49.590 [FXGL Background Thread 3 ] DEBUG Engine               - notificationViewClass: class com.almasb.fxgl.notification.view.XboxNotificationView
17:10:49.590 [FXGL Background Thread 3 ] DEBUG Engine               - pixelsPerMeter: 50.0
17:10:49.590 [FXGL Background Thread 3 ] DEBUG Engine               - platform: WINDOWS
17:10:49.590 [FXGL Background Thread 3 ] DEBUG Engine               - prefHeightProperty: ReadOnlyDoubleProperty [value: 600.0]
17:10:49.590 [FXGL Background Thread 3 ] DEBUG Engine               - prefWidthProperty: ReadOnlyDoubleProperty [value: 800.0]
17:10:49.590 [FXGL Background Thread 3 ] DEBUG Engine               - profileDir: profiles/
17:10:49.590 [FXGL Background Thread 3 ] DEBUG Engine               - profileName: StringProperty [value: DEFAULT]
17:10:49.590 [FXGL Background Thread 3 ] DEBUG Engine               - randomSeed: -1
17:10:49.590 [FXGL Background Thread 3 ] DEBUG Engine               - runtimeInfo: RuntimeInfo(platform=WINDOWS, version=21, build=28.12.2023 13.35)
17:10:49.590 [FXGL Background Thread 3 ] DEBUG Engine               - saveFileExt: sav
17:10:49.590 [FXGL Background Thread 3 ] DEBUG Engine               - scaledHeightProp$fxgl: DoubleProperty [bound, value: 600.0]
17:10:49.591 [FXGL Background Thread 3 ] DEBUG Engine               - scaledWidthProp$fxgl: DoubleProperty [bound, value: 800.0]
17:10:49.591 [FXGL Background Thread 3 ] DEBUG Engine               - sceneFactory: com.almasb.fxgl.app.scene.SceneFactory@6c4596f4
17:10:49.591 [FXGL Background Thread 3 ] DEBUG Engine               - secondsIn24h: 60
17:10:49.591 [FXGL Background Thread 3 ] DEBUG Engine               - soundMenuBack: menu/back.wav
17:10:49.591 [FXGL Background Thread 3 ] DEBUG Engine               - soundMenuPress: menu/press.wav
17:10:49.591 [FXGL Background Thread 3 ] DEBUG Engine               - soundMenuSelect: menu/select.wav
17:10:49.591 [FXGL Background Thread 3 ] DEBUG Engine               - soundNotification: core/notification.wav
17:10:49.591 [FXGL Background Thread 3 ] DEBUG Engine               - stageStyle: DECORATED
17:10:49.591 [FXGL Background Thread 3 ] DEBUG Engine               - supportedLanguages: [ENGLISH, FRENCH, GERMAN, HUNGARIAN, RUSSIAN]
17:10:49.591 [FXGL Background Thread 3 ] DEBUG Engine               - ticksPerSecond: -1
17:10:49.591 [FXGL Background Thread 3 ] DEBUG Engine               - title: TamaEpic
17:10:49.591 [FXGL Background Thread 3 ] DEBUG Engine               - urlGithub: https://github.com/AlmasB/FXGL
17:10:49.591 [FXGL Background Thread 3 ] DEBUG Engine               - urlLeaderboard: http://fxgl-top.herokuapp.com/
17:10:49.591 [FXGL Background Thread 3 ] DEBUG Engine               - urlPOM: https://raw.githubusercontent.com/AlmasB/FXGL/release/README.md
17:10:49.591 [FXGL Background Thread 3 ] DEBUG Engine               - userAppClass: class com.example.tamafx.GameApp
17:10:49.591 [FXGL Background Thread 3 ] DEBUG Engine               - version: 0.1
17:10:49.591 [FXGL Background Thread 3 ] DEBUG Engine               - versionCheckDays: 7
17:10:49.591 [FXGL Background Thread 3 ] DEBUG Engine               - width: 800
17:10:49.591 [FXGL Background Thread 3 ] DEBUG Engine               - Logging services
17:10:49.591 [FXGL Background Thread 3 ] DEBUG Engine               - class com.almasb.fxgl.app.services.FXGLAssetLoaderService
17:10:49.592 [FXGL Background Thread 3 ] DEBUG Engine               - class com.almasb.fxgl.app.FXGLApplication$GameApplicationService
17:10:49.592 [FXGL Background Thread 3 ] DEBUG Engine               - class com.almasb.fxgl.app.services.FXGLDialogService
17:10:49.592 [FXGL Background Thread 3 ] DEBUG Engine               - class com.almasb.fxgl.app.services.IOTaskExecutorService
17:10:49.592 [FXGL Background Thread 3 ] DEBUG Engine               - class com.almasb.fxgl.io.FileSystemService
17:10:49.592 [FXGL Background Thread 3 ] DEBUG Engine               - class com.almasb.fxgl.localization.LocalizationService
17:10:49.592 [FXGL Background Thread 3 ] DEBUG Engine               - class com.almasb.fxgl.app.services.SystemBundleService
17:10:49.592 [FXGL Background Thread 3 ] DEBUG Engine               - class com.almasb.fxgl.profile.SaveLoadService
17:10:49.592 [FXGL Background Thread 3 ] DEBUG Engine               - class com.almasb.fxgl.ui.FXGLUIFactoryServiceProvider
17:10:49.592 [FXGL Background Thread 3 ] DEBUG Engine               - class com.almasb.fxgl.ui.FXGLDialogFactoryServiceProvider
17:10:49.592 [FXGL Background Thread 3 ] DEBUG Engine               - class com.almasb.fxgl.audio.AudioPlayer
17:10:49.592 [FXGL Background Thread 3 ] DEBUG Engine               - class com.almasb.fxgl.notification.impl.NotificationServiceProvider
17:10:49.592 [FXGL Background Thread 3 ] DEBUG Engine               - class com.almasb.fxgl.achievement.AchievementService
17:10:49.592 [FXGL Background Thread 3 ] DEBUG Engine               - class com.almasb.fxgl.cutscene.CutsceneService
17:10:49.592 [FXGL Background Thread 3 ] DEBUG Engine               - class com.almasb.fxgl.minigames.MiniGameService
17:10:49.592 [FXGL Background Thread 3 ] DEBUG Engine               - class com.almasb.fxgl.net.NetService
17:10:49.592 [FXGL Background Thread 3 ] DEBUG Engine               - class com.almasb.fxgl.app.services.UpdaterService
17:10:49.592 [FXGL Background Thread 3 ] DEBUG Engine               - class com.almasb.fxgl.dev.DevService
17:10:52.807 [JavaFX Application Thread] DEBUG FXGLApplication      - Exiting FXGL
17:10:52.807 [JavaFX Application Thread] DEBUG LoopRunner           - Stopping loop
17:10:52.807 [JavaFX Application Thread] DEBUG SystemBundleService  - Saving FXGL system data
17:10:52.809 [JavaFX Application Thread] DEBUG FileSystemAccess     - Writing to: C:\Users\skyle\IdeaProjects\TamaFX\system\fxgl.bundle
17:10:52.812 [JavaFX Application Thread] DEBUG Async                - Shutting down background threads
17:10:52.812 [JavaFX Application Thread] DEBUG Logger               - Closing Logger
