17:08:55.170 [JavaFX Application Thread] DEBUG Logger               - Configured Logger
17:08:55.181 [JavaFX Application Thread] DEBUG GameApplication      - Logging settings
Title: TamaEpic
Version: 0.1
Width: 800
Height: 600
Fullscreen: false
Intro: false
Profiling: false
Single step:false
App Mode: DEVELOPER
Menu Key: ESCAPE
Stage Style: DECORATED
Scene Factory: class com.almasb.fxgl.app.scene.SceneFactory

17:08:55.185 [JavaFX Application Thread] DEBUG FXGLApplication      - Initializing FXGL
17:08:55.188 [JavaFX Application Thread] INFO  Engine               - FXGL-21 (28.12.2023 13.35) on WINDOWS (J:21.0.1 FX:12)
17:08:55.189 [JavaFX Application Thread] DEBUG Engine               - JRE Vendor Name: Oracle Corporation
17:08:55.189 [JavaFX Application Thread] DEBUG Engine               - Running on OS: Windows 10 version 10.0
17:08:55.189 [JavaFX Application Thread] DEBUG Engine               - Architecture: amd64
17:08:55.189 [JavaFX Application Thread] INFO  Engine               - Source code and latest versions at: https://github.com/AlmasB/FXGL
17:08:55.189 [JavaFX Application Thread] INFO  Engine               -       Ask questions and discuss at: https://github.com/AlmasB/FXGL/discussions
17:08:55.189 [JavaFX Application Thread] INFO  Engine               -              Join the FXGL chat at: https://gitter.im/AlmasB/FXGL
17:08:55.245 [JavaFX Application Thread] DEBUG EmbeddedPaneWindow   - Target settings size: 800.0 x 600.0
17:08:55.245 [JavaFX Application Thread] DEBUG EmbeddedPaneWindow   - Scaled scene size:    800.0 x 600.0
17:08:55.245 [JavaFX Application Thread] DEBUG EmbeddedPaneWindow   - Scaled ratio: (1.0, 1.0)
17:08:55.249 [JavaFX Application Thread] DEBUG EmbeddedPaneWindow   - Set initial scene to FXGLStartupScene
17:08:55.249 [JavaFX Application Thread] DEBUG EmbeddedPaneWindow   - Opening embedded window
17:08:55.251 [JavaFX Application Thread] DEBUG EmbeddedPaneWindow   - Window border size: (0, 0)
17:08:55.251 [JavaFX Application Thread] DEBUG EmbeddedPaneWindow   - Scaled size: 800.0 x 600.0
17:08:55.251 [JavaFX Application Thread] DEBUG EmbeddedPaneWindow   - Scaled ratio: (1.0, 1.0)
17:08:55.258 [FXGL Background Thread 1 ] DEBUG Engine               - Initializing environment variables
17:08:55.310 [FXGL Background Thread 1 ] DEBUG FXGLAssetLoaderServi - User app class for loading assets: class com.example.tamafx.GameApp
17:08:55.310 [FXGL Background Thread 1 ] DEBUG GameApplicationServi - Applying CSS: fxgl_dark.css
17:08:55.311 [FXGL Background Thread 1 ] DEBUG FXGLAssetLoaderServi - Loading from file system: jar:file:/C:/Users/skyle/.m2/repository/com/github/almasb/fxgl/21/fxgl-21.jar!/fxglassets/ui/css/fxgl_dark.css
17:08:55.351 [FXGL Background Thread 1 ] DEBUG GameApplicationServi - Initializing application scenes
17:08:55.360 [FXGL Background Thread 1 ] DEBUG GameWorld            - Game world initialized
17:08:55.435 [FXGL Background Thread 1 ] DEBUG PhysicsWorld         - Physics world initialized: appHeight=600, physics.ppm=50.0
17:08:55.435 [FXGL Background Thread 1 ] DEBUG PhysicsWorld         - Using strategy: BRUTE_FORCE
17:08:55.439 [FXGL Background Thread 1 ] DEBUG GameScene            - Game scene initialized: 800x600
17:08:55.452 [FXGL Background Thread 1 ] DEBUG FXGL.DefaultMenu     - createMenuBodyGameMenu()
17:08:55.464 [FXGL Background Thread 1 ] DEBUG FXGL.DefaultMenu     - createOptionsMenu()
17:08:55.479 [FXGL Background Thread 1 ] DEBUG FXGLAssetLoaderServi - Loading from file system: jar:file:/C:/Users/skyle/.m2/repository/com/github/almasb/fxgl/21/fxgl-21.jar!/fxglassets/textures/particles/smoke.png
17:08:55.575 [FXGL Background Thread 1 ] DEBUG FXGLAssetLoaderServi - Loading from file system: jar:file:/C:/Users/skyle/.m2/repository/com/github/almasb/fxgl/21/fxgl-21.jar!/fxglassets/textures/particles/trace_horizontal.png
17:08:55.599 [FXGL Background Thread 1 ] DEBUG GameApplicationServi - Application scenes initialized
17:08:55.612 [FXGL Background Thread 1 ] DEBUG SystemBundleService  - Loading FXGL system data
17:08:55.618 [FXGL Background Thread 1 ] DEBUG FileSystemAccess     - Reading from: C:\Users\skyle\IdeaProjects\TamaFX\system\fxgl.bundle
17:08:55.626 [FXGL Background Thread 1 ] DEBUG SystemBundleService  - Bundle FXGL: {}
17:08:55.626 [FXGL Background Thread 1 ] DEBUG UpdaterService       - Checking for updates
17:08:55.631 [FXGL Background Thread 4 ] DEBUG FXGLApplication      - Loading fonts
17:08:55.631 [FXGL Background Thread 4 ] DEBUG FXGLAssetLoaderServi - Loading from file system: jar:file:/C:/Users/skyle/.m2/repository/com/github/almasb/fxgl/21/fxgl-21.jar!/fxglassets/ui/fonts/VarelaRound-Regular.ttf
17:08:55.631 [FXGL Background Thread 1 ] DEBUG FXGLApplication      - Loading default localization
17:08:55.632 [FXGL Background Thread 1 ] DEBUG FXGLAssetLoaderServi - Loading from file system: jar:file:/C:/Users/skyle/.m2/repository/com/github/almasb/fxgl/21/fxgl-21.jar!/fxglassets/languages/english.lang
17:08:55.658 [FXGL Background Thread 1 ] INFO  FXGLApplication      - FXGL initialization took: 0.399 sec
17:08:55.668 [JavaFX Application Thread] DEBUG Input                - Registered new binding: action0 - A
17:08:55.668 [JavaFX Application Thread] DEBUG Input                - Registered new binding: action1 - D
17:08:55.669 [JavaFX Application Thread] DEBUG Input                - Registered new binding: action2 - W
17:08:55.669 [JavaFX Application Thread] DEBUG Input                - Registered new binding: action3 - S
17:08:55.669 [JavaFX Application Thread] DEBUG FXGLAssetLoaderServi - Loading from file system: jar:file:/C:/Users/skyle/.m2/repository/com/github/almasb/fxgl/21/fxgl-21.jar!/fxglassets/textures/fxgl_icon.png
17:08:55.678 [FXGL Background Thread 4 ] DEBUG FXGLAssetLoaderServi - Loading from file system: jar:file:/C:/Users/skyle/.m2/repository/com/github/almasb/fxgl/21/fxgl-21.jar!/fxglassets/ui/fonts/Abel-Regular.ttf
17:08:55.702 [FXGL Background Thread 4 ] DEBUG FXGLAssetLoaderServi - Loading from file system: jar:file:/C:/Users/skyle/.m2/repository/com/github/almasb/fxgl/21/fxgl-21.jar!/fxglassets/ui/fonts/TerminalLandMono-Regular.otf
17:08:55.716 [JavaFX Application Thread] DEBUG FXGLAssetLoaderServi - Loading from file system: jar:file:/C:/Users/skyle/.m2/repository/com/github/almasb/fxgl/21/fxgl-21.jar!/fxglassets/textures/fxgl_default_cursor.png
17:08:55.720 [JavaFX Application Thread] DEBUG Input                - Registered new binding: Screenshot - CTRL+8
17:08:55.721 [JavaFX Application Thread] DEBUG Input                - Registered new binding: System info dump - CTRL+9
17:08:55.721 [JavaFX Application Thread] DEBUG Input                - Registered new binding: Restart - CTRL+R
17:08:55.723 [JavaFX Application Thread] DEBUG Input                - Registered new binding: Toggle Debug Camera - CTRL+7
17:08:55.727 [JavaFX Application Thread] DEBUG LoopRunner           - Starting loop
17:08:55.727 [JavaFX Application Thread] DEBUG LoopRunner           - Initializing JavaFX AnimationTimerLoop
17:08:55.729 [JavaFX Application Thread] DEBUG GameApplicationServi - Starting new game
17:08:55.730 [JavaFX Application Thread] DEBUG Input                - Clearing active input actions
17:08:55.731 [JavaFX Application Thread] DEBUG GameApplicationServi - Removing overlay from FXGLStartupScene and adding to FXGLLoadingScene
17:08:55.732 [JavaFX Application Thread] DEBUG EmbeddedPaneWindow   - FXGLStartupScene -> FXGLLoadingScene
17:08:55.732 [JavaFX Application Thread] DEBUG GameApplicationServi - Clearing previous game
17:08:55.732 [JavaFX Application Thread] DEBUG GameScene            - Clearing game scene
17:08:55.732 [JavaFX Application Thread] DEBUG GameWorld            - Clearing game world
17:08:55.732 [JavaFX Application Thread] DEBUG PhysicsWorld         - Clearing physics world
17:08:55.735 [FXGL Background Thread 1 ] DEBUG FXGLApplication      - Initializing game
17:08:55.746 [FXGL Background Thread 1 ] DEBUG FXGLAssetLoaderServi - Loading from file system: file:/C:/Users/skyle/IdeaProjects/TamaFX/target/classes/assets/textures/slime.png
17:08:55.763 [FXGL Background Thread 1 ] DEBUG FXGLAssetLoaderServi - Loading from file system: file:/C:/Users/skyle/IdeaProjects/TamaFX/target/classes/assets/music/bgm.mp3
17:08:55.787 [FXGL Background Thread 4 ] DEBUG FXGLAssetLoaderServi - Loading from file system: jar:file:/C:/Users/skyle/.m2/repository/com/github/almasb/fxgl/21/fxgl-21.jar!/fxglassets/ui/fonts/Courier-Prime.ttf
17:08:55.962 [JavaFX Application Thread] DEBUG FXGLApplication      - Registering font factories with UI factory
17:08:56.166 [FXGL Background Thread 1 ] DEBUG AudioPlayer          - Playing music com.almasb.fxgl.audio.Music@3539d383
17:08:56.169 [FXGL Background Thread 1 ] INFO  FXGLApplication      - Game initialization took: 0.434 sec
17:08:56.206 [JavaFX Application Thread] DEBUG Input                - Clearing active input actions
17:08:56.214 [JavaFX Application Thread] DEBUG GameApplicationServi - Removing overlay from FXGLLoadingScene and adding to GameScene
17:08:56.214 [JavaFX Application Thread] DEBUG EmbeddedPaneWindow   - FXGLLoadingScene -> GameScene
17:08:56.319 [FXGL Background Thread 2 ] INFO  UpdaterService       - Your current version:  21
17:08:56.321 [FXGL Background Thread 2 ] INFO  UpdaterService       - Latest stable version: 21.1
17:08:58.631 [FXGL Background Thread 3 ] DEBUG Engine               - Logging environment variables
17:08:58.631 [FXGL Background Thread 3 ] DEBUG Engine               - achievements: []
17:08:58.632 [FXGL Background Thread 3 ] DEBUG Engine               - actualHeight: 600.0
17:08:58.632 [FXGL Background Thread 3 ] DEBUG Engine               - actualHeightProperty: ReadOnlyDoubleProperty [value: 600.0]
17:08:58.632 [FXGL Background Thread 3 ] DEBUG Engine               - actualWidth: 800.0
17:08:58.632 [FXGL Background Thread 3 ] DEBUG Engine               - actualWidthProperty: ReadOnlyDoubleProperty [value: 800.0]
17:08:58.632 [FXGL Background Thread 3 ] DEBUG Engine               - appIcon: fxgl_icon.png
17:08:58.632 [FXGL Background Thread 3 ] DEBUG Engine               - applicationMode: DEVELOPER
17:08:58.632 [FXGL Background Thread 3 ] DEBUG Engine               - cSSList: [fxgl_dark.css]
17:08:58.632 [FXGL Background Thread 3 ] DEBUG Engine               - collisionDetectionStrategy: BRUTE_FORCE
17:08:58.632 [FXGL Background Thread 3 ] DEBUG Engine               - configClass: Optional.empty
17:08:58.632 [FXGL Background Thread 3 ] DEBUG Engine               - credits: []
17:08:58.633 [FXGL Background Thread 3 ] DEBUG Engine               - defaultCursor: CursorInfo(imageName=fxgl_default_cursor.png, hotspotX=7.0, hotspotY=6.0)
17:08:58.633 [FXGL Background Thread 3 ] DEBUG Engine               - devBBoxColorProperty: ObjectProperty [value: 0xff0000ff]
17:08:58.633 [FXGL Background Thread 3 ] DEBUG Engine               - devEnableDebugCameraProperty: BooleanProperty [value: false]
17:08:58.633 [FXGL Background Thread 3 ] DEBUG Engine               - devSensorColorProperty: ObjectProperty [value: 0xffff00ff]
17:08:58.633 [FXGL Background Thread 3 ] DEBUG Engine               - devShowBBoxProperty: BooleanProperty [value: false]
17:08:58.633 [FXGL Background Thread 3 ] DEBUG Engine               - devShowPositionProperty: BooleanProperty [value: false]
17:08:58.633 [FXGL Background Thread 3 ] DEBUG Engine               - enabledMenuItems: []
17:08:58.633 [FXGL Background Thread 3 ] DEBUG Engine               - engineServices: [class com.almasb.fxgl.app.services.FXGLAssetLoaderService, class com.almasb.fxgl.app.FXGLApplication$GameApplicationService, class com.almasb.fxgl.app.services.FXGLDialogService, class com.almasb.fxgl.app.services.IOTaskExecutorService, class com.almasb.fxgl.io.FileSystemService, class com.almasb.fxgl.localization.LocalizationService, class com.almasb.fxgl.app.services.SystemBundleService, class com.almasb.fxgl.profile.SaveLoadService, class com.almasb.fxgl.ui.FXGLUIFactoryServiceProvider, class com.almasb.fxgl.ui.FXGLDialogFactoryServiceProvider, class com.almasb.fxgl.audio.AudioPlayer, class com.almasb.fxgl.notification.impl.NotificationServiceProvider, class com.almasb.fxgl.achievement.AchievementService, class com.almasb.fxgl.cutscene.CutsceneService, class com.almasb.fxgl.minigames.MiniGameService, class com.almasb.fxgl.net.NetService, class com.almasb.fxgl.app.services.UpdaterService, class com.almasb.fxgl.dev.DevService]
17:08:58.633 [FXGL Background Thread 3 ] DEBUG Engine               - fontGame: Abel-Regular.ttf
17:08:58.633 [FXGL Background Thread 3 ] DEBUG Engine               - fontMono: TerminalLandMono-Regular.otf
17:08:58.633 [FXGL Background Thread 3 ] DEBUG Engine               - fontSizeScaleUI: 1.0
17:08:58.633 [FXGL Background Thread 3 ] DEBUG Engine               - fontText: Courier-Prime.ttf
17:08:58.633 [FXGL Background Thread 3 ] DEBUG Engine               - fontUI: VarelaRound-Regular.ttf
17:08:58.633 [FXGL Background Thread 3 ] DEBUG Engine               - fullScreen: BooleanProperty [value: true]
17:08:58.633 [FXGL Background Thread 3 ] DEBUG Engine               - gameDifficulty: MEDIUM
17:08:58.633 [FXGL Background Thread 3 ] DEBUG Engine               - gameDifficultyProperty: ObjectProperty [value: MEDIUM]
17:08:58.634 [FXGL Background Thread 3 ] DEBUG Engine               - globalMusicVolume: 0.5
17:08:58.634 [FXGL Background Thread 3 ] DEBUG Engine               - globalMusicVolumeProperty: DoubleProperty [value: 0.5]
17:08:58.634 [FXGL Background Thread 3 ] DEBUG Engine               - globalSoundVolume: 0.5
17:08:58.634 [FXGL Background Thread 3 ] DEBUG Engine               - globalSoundVolumeProperty: DoubleProperty [value: 0.5]
17:08:58.634 [FXGL Background Thread 3 ] DEBUG Engine               - height: 600
17:08:58.634 [FXGL Background Thread 3 ] DEBUG Engine               - is3D: false
17:08:58.634 [FXGL Background Thread 3 ] DEBUG Engine               - isAndroid: false
17:08:58.634 [FXGL Background Thread 3 ] DEBUG Engine               - isBrowser: false
17:08:58.634 [FXGL Background Thread 3 ] DEBUG Engine               - isClickFeedbackEnabled: false
17:08:58.634 [FXGL Background Thread 3 ] DEBUG Engine               - isCloseConfirmation: false
17:08:58.634 [FXGL Background Thread 3 ] DEBUG Engine               - isDesktop: true
17:08:58.634 [FXGL Background Thread 3 ] DEBUG Engine               - isDeveloperMenuEnabled: false
17:08:58.634 [FXGL Background Thread 3 ] DEBUG Engine               - isEmbedded: false
17:08:58.634 [FXGL Background Thread 3 ] DEBUG Engine               - isEntityPreloadEnabled: true
17:08:58.634 [FXGL Background Thread 3 ] DEBUG Engine               - isExperimentalTiledLargeMap: false
17:08:58.634 [FXGL Background Thread 3 ] DEBUG Engine               - isFileSystemWriteAllowed: true
17:08:58.634 [FXGL Background Thread 3 ] DEBUG Engine               - isFullScreenAllowed: false
17:08:58.634 [FXGL Background Thread 3 ] DEBUG Engine               - isFullScreenFromStart: true
17:08:58.634 [FXGL Background Thread 3 ] DEBUG Engine               - isGameMenuEnabled: true
17:08:58.634 [FXGL Background Thread 3 ] DEBUG Engine               - isIOS: false
17:08:58.634 [FXGL Background Thread 3 ] DEBUG Engine               - isIntroEnabled: false
17:08:58.635 [FXGL Background Thread 3 ] DEBUG Engine               - isLinux: false
17:08:58.635 [FXGL Background Thread 3 ] DEBUG Engine               - isMac: false
17:08:58.635 [FXGL Background Thread 3 ] DEBUG Engine               - isMainMenuEnabled: false
17:08:58.635 [FXGL Background Thread 3 ] DEBUG Engine               - isManualResizeEnabled: false
17:08:58.635 [FXGL Background Thread 3 ] DEBUG Engine               - isMobile: false
17:08:58.635 [FXGL Background Thread 3 ] DEBUG Engine               - isNative: false
17:08:58.635 [FXGL Background Thread 3 ] DEBUG Engine               - isPauseMusicWhenMinimized: true
17:08:58.635 [FXGL Background Thread 3 ] DEBUG Engine               - isPreserveResizeRatio: false
17:08:58.635 [FXGL Background Thread 3 ] DEBUG Engine               - isProfilingEnabled: false
17:08:58.635 [FXGL Background Thread 3 ] DEBUG Engine               - isScaleAffectedOnResize: true
17:08:58.635 [FXGL Background Thread 3 ] DEBUG Engine               - isSingleStep: false
17:08:58.635 [FXGL Background Thread 3 ] DEBUG Engine               - isUserProfileEnabled: false
17:08:58.635 [FXGL Background Thread 3 ] DEBUG Engine               - isWindows: true
17:08:58.635 [FXGL Background Thread 3 ] DEBUG Engine               - language: ObjectProperty [value: ENGLISH]
17:08:58.635 [FXGL Background Thread 3 ] DEBUG Engine               - menuKey: ESCAPE
17:08:58.635 [FXGL Background Thread 3 ] DEBUG Engine               - mouseSensitivity: 0.2
17:08:58.635 [FXGL Background Thread 3 ] DEBUG Engine               - notificationViewClass: class com.almasb.fxgl.notification.view.XboxNotificationView
17:08:58.635 [FXGL Background Thread 3 ] DEBUG Engine               - pixelsPerMeter: 50.0
17:08:58.635 [FXGL Background Thread 3 ] DEBUG Engine               - platform: WINDOWS
17:08:58.636 [FXGL Background Thread 3 ] DEBUG Engine               - prefHeightProperty: ReadOnlyDoubleProperty [value: 600.0]
17:08:58.636 [FXGL Background Thread 3 ] DEBUG Engine               - prefWidthProperty: ReadOnlyDoubleProperty [value: 800.0]
17:08:58.636 [FXGL Background Thread 3 ] DEBUG Engine               - profileDir: profiles/
17:08:58.636 [FXGL Background Thread 3 ] DEBUG Engine               - profileName: StringProperty [value: DEFAULT]
17:08:58.636 [FXGL Background Thread 3 ] DEBUG Engine               - randomSeed: -1
17:08:58.636 [FXGL Background Thread 3 ] DEBUG Engine               - runtimeInfo: RuntimeInfo(platform=WINDOWS, version=21, build=28.12.2023 13.35)
17:08:58.636 [FXGL Background Thread 3 ] DEBUG Engine               - saveFileExt: sav
17:08:58.636 [FXGL Background Thread 3 ] DEBUG Engine               - scaledHeightProp$fxgl: DoubleProperty [bound, value: 600.0]
17:08:58.636 [FXGL Background Thread 3 ] DEBUG Engine               - scaledWidthProp$fxgl: DoubleProperty [bound, value: 800.0]
17:08:58.636 [FXGL Background Thread 3 ] DEBUG Engine               - sceneFactory: com.almasb.fxgl.app.scene.SceneFactory@5f6b2f8c
17:08:58.636 [FXGL Background Thread 3 ] DEBUG Engine               - secondsIn24h: 60
17:08:58.636 [FXGL Background Thread 3 ] DEBUG Engine               - soundMenuBack: menu/back.wav
17:08:58.636 [FXGL Background Thread 3 ] DEBUG Engine               - soundMenuPress: menu/press.wav
17:08:58.636 [FXGL Background Thread 3 ] DEBUG Engine               - soundMenuSelect: menu/select.wav
17:08:58.636 [FXGL Background Thread 3 ] DEBUG Engine               - soundNotification: core/notification.wav
17:08:58.636 [FXGL Background Thread 3 ] DEBUG Engine               - stageStyle: DECORATED
17:08:58.637 [FXGL Background Thread 3 ] DEBUG Engine               - supportedLanguages: [ENGLISH, FRENCH, GERMAN, HUNGARIAN, RUSSIAN]
17:08:58.637 [FXGL Background Thread 3 ] DEBUG Engine               - ticksPerSecond: -1
17:08:58.637 [FXGL Background Thread 3 ] DEBUG Engine               - title: TamaEpic
17:08:58.637 [FXGL Background Thread 3 ] DEBUG Engine               - urlGithub: https://github.com/AlmasB/FXGL
17:08:58.637 [FXGL Background Thread 3 ] DEBUG Engine               - urlLeaderboard: http://fxgl-top.herokuapp.com/
17:08:58.637 [FXGL Background Thread 3 ] DEBUG Engine               - urlPOM: https://raw.githubusercontent.com/AlmasB/FXGL/release/README.md
17:08:58.637 [FXGL Background Thread 3 ] DEBUG Engine               - userAppClass: class com.example.tamafx.GameApp
17:08:58.637 [FXGL Background Thread 3 ] DEBUG Engine               - version: 0.1
17:08:58.637 [FXGL Background Thread 3 ] DEBUG Engine               - versionCheckDays: 7
17:08:58.637 [FXGL Background Thread 3 ] DEBUG Engine               - width: 800
17:08:58.637 [FXGL Background Thread 3 ] DEBUG Engine               - Logging services
17:08:58.637 [FXGL Background Thread 3 ] DEBUG Engine               - class com.almasb.fxgl.app.services.FXGLAssetLoaderService
17:08:58.637 [FXGL Background Thread 3 ] DEBUG Engine               - class com.almasb.fxgl.app.FXGLApplication$GameApplicationService
17:08:58.637 [FXGL Background Thread 3 ] DEBUG Engine               - class com.almasb.fxgl.app.services.FXGLDialogService
17:08:58.637 [FXGL Background Thread 3 ] DEBUG Engine               - class com.almasb.fxgl.app.services.IOTaskExecutorService
17:08:58.637 [FXGL Background Thread 3 ] DEBUG Engine               - class com.almasb.fxgl.io.FileSystemService
17:08:58.637 [FXGL Background Thread 3 ] DEBUG Engine               - class com.almasb.fxgl.localization.LocalizationService
17:08:58.637 [FXGL Background Thread 3 ] DEBUG Engine               - class com.almasb.fxgl.app.services.SystemBundleService
17:08:58.637 [FXGL Background Thread 3 ] DEBUG Engine               - class com.almasb.fxgl.profile.SaveLoadService
17:08:58.637 [FXGL Background Thread 3 ] DEBUG Engine               - class com.almasb.fxgl.ui.FXGLUIFactoryServiceProvider
17:08:58.638 [FXGL Background Thread 3 ] DEBUG Engine               - class com.almasb.fxgl.ui.FXGLDialogFactoryServiceProvider
17:08:58.638 [FXGL Background Thread 3 ] DEBUG Engine               - class com.almasb.fxgl.audio.AudioPlayer
17:08:58.638 [FXGL Background Thread 3 ] DEBUG Engine               - class com.almasb.fxgl.notification.impl.NotificationServiceProvider
17:08:58.638 [FXGL Background Thread 3 ] DEBUG Engine               - class com.almasb.fxgl.achievement.AchievementService
17:08:58.638 [FXGL Background Thread 3 ] DEBUG Engine               - class com.almasb.fxgl.cutscene.CutsceneService
17:08:58.638 [FXGL Background Thread 3 ] DEBUG Engine               - class com.almasb.fxgl.minigames.MiniGameService
17:08:58.638 [FXGL Background Thread 3 ] DEBUG Engine               - class com.almasb.fxgl.net.NetService
17:08:58.640 [FXGL Background Thread 3 ] DEBUG Engine               - class com.almasb.fxgl.app.services.UpdaterService
17:08:58.640 [FXGL Background Thread 3 ] DEBUG Engine               - class com.almasb.fxgl.dev.DevService
17:09:18.428 [JavaFX Application Thread] DEBUG FXGLApplication      - Exiting FXGL
17:09:18.428 [JavaFX Application Thread] DEBUG LoopRunner           - Stopping loop
17:09:18.428 [JavaFX Application Thread] DEBUG SystemBundleService  - Saving FXGL system data
17:09:18.433 [JavaFX Application Thread] DEBUG FileSystemAccess     - Writing to: C:\Users\skyle\IdeaProjects\TamaFX\system\fxgl.bundle
17:09:18.435 [JavaFX Application Thread] DEBUG Async                - Shutting down background threads
17:09:18.436 [JavaFX Application Thread] DEBUG Logger               - Closing Logger
